{"numFailedTestSuites":0,"numFailedTests":0,"numPassedTestSuites":10,"numPassedTests":61,"numPendingTestSuites":0,"numPendingTests":0,"numRuntimeErrorTestSuites":0,"numTodoTests":0,"numTotalTestSuites":10,"numTotalTests":61,"openHandles":[],"snapshot":{"added":0,"didUpdate":false,"failure":false,"filesAdded":0,"filesRemoved":0,"filesRemovedList":[],"filesUnmatched":0,"filesUpdated":0,"matched":0,"total":0,"unchecked":0,"uncheckedKeysByFile":[],"unmatched":0,"updated":0},"startTime":1763363850686,"success":true,"testResults":[{"assertionResults":[{"ancestorTitles":["/api/extract route"],"duration":8,"failureDetails":[],"failureMessages":[],"fullName":"/api/extract route returns 400 for missing url","invocations":1,"location":null,"numPassingAsserts":1,"retryReasons":[],"status":"passed","title":"returns 400 for missing url"},{"ancestorTitles":["/api/extract route"],"duration":9,"failureDetails":[],"failureMessages":[],"fullName":"/api/extract route returns 200 and extracted content for valid url","invocations":1,"location":null,"numPassingAsserts":3,"retryReasons":[],"status":"passed","title":"returns 200 and extracted content for valid url"}],"endTime":1763363851287,"message":"","name":"/workspaces/Audicle/packages/web-app-vercel/app/api/extract/__tests__/route.test.ts","startTime":1763363850969,"status":"passed","summary":""},{"assertionResults":[{"ancestorTitles":["normalizeArticleText"],"duration":1,"failureDetails":[],"failureMessages":[],"fullName":"normalizeArticleText Qiita風のblockquoteを正しく処理する","invocations":1,"location":null,"numPassingAsserts":1,"retryReasons":[],"status":"passed","title":"Qiita風のblockquoteを正しく処理する"},{"ancestorTitles":["normalizeArticleText"],"duration":1,"failureDetails":[],"failureMessages":[],"fullName":"normalizeArticleText はてなブログ風のUI要素を除外する","invocations":1,"location":null,"numPassingAsserts":2,"retryReasons":[],"status":"passed","title":"はてなブログ風のUI要素を除外する"},{"ancestorTitles":["normalizeArticleText"],"duration":1,"failureDetails":[],"failureMessages":[],"fullName":"normalizeArticleText 見出しと段落を適切に処理する","invocations":1,"location":null,"numPassingAsserts":1,"retryReasons":[],"status":"passed","title":"見出しと段落を適切に処理する"},{"ancestorTitles":["normalizeArticleText","normalizeArticleText - 追加テスト"],"duration":1,"failureDetails":[],"failureMessages":[],"fullName":"normalizeArticleText normalizeArticleText - 追加テスト 要素の順序を保持する","invocations":1,"location":null,"numPassingAsserts":3,"retryReasons":[],"status":"passed","title":"要素の順序を保持する"},{"ancestorTitles":["normalizeArticleText","normalizeArticleText - 追加テスト"],"duration":0,"failureDetails":[],"failureMessages":[],"fullName":"normalizeArticleText normalizeArticleText - 追加テスト コードブロックを抽出する","invocations":1,"location":null,"numPassingAsserts":1,"retryReasons":[],"status":"passed","title":"コードブロックを抽出する"},{"ancestorTitles":["normalizeArticleText","normalizeArticleText - 追加テスト"],"duration":5,"failureDetails":[],"failureMessages":[],"fullName":"normalizeArticleText normalizeArticleText - 追加テスト テーブルのセル内容を抽出する","invocations":1,"location":null,"numPassingAsserts":2,"retryReasons":[],"status":"passed","title":"テーブルのセル内容を抽出する"},{"ancestorTitles":["normalizeArticleText","normalizeArticleText - 追加テスト"],"duration":1,"failureDetails":[],"failureMessages":[],"fullName":"normalizeArticleText normalizeArticleText - 追加テスト figcaptionを抽出する","invocations":1,"location":null,"numPassingAsserts":1,"retryReasons":[],"status":"passed","title":"figcaptionを抽出する"},{"ancestorTitles":["normalizeArticleText","normalizeArticleText - 追加テスト"],"duration":0,"failureDetails":[],"failureMessages":[],"fullName":"normalizeArticleText normalizeArticleText - 追加テスト blockquote（pなし）を抽出する","invocations":1,"location":null,"numPassingAsserts":1,"retryReasons":[],"status":"passed","title":"blockquote（pなし）を抽出する"}],"endTime":1763363851425,"message":"","name":"/workspaces/Audicle/packages/web-app-vercel/lib/__tests__/parseArticle.test.ts","startTime":1763363851310,"status":"passed","summary":""},{"assertionResults":[{"ancestorTitles":["PlaylistPlaybackContext circular behavior"],"duration":30,"failureDetails":[],"failureMessages":[],"fullName":"PlaylistPlaybackContext circular behavior canMovePrevious and canMoveNext are true when items exist","invocations":1,"location":null,"numPassingAsserts":3,"retryReasons":[],"status":"passed","title":"canMovePrevious and canMoveNext are true when items exist"},{"ancestorTitles":["PlaylistPlaybackContext circular behavior"],"duration":3,"failureDetails":[],"failureMessages":[],"fullName":"PlaylistPlaybackContext circular behavior playNext wraps around to first item after last","invocations":1,"location":null,"numPassingAsserts":2,"retryReasons":[],"status":"passed","title":"playNext wraps around to first item after last"},{"ancestorTitles":["PlaylistPlaybackContext circular behavior"],"duration":4,"failureDetails":[],"failureMessages":[],"fullName":"PlaylistPlaybackContext circular behavior playPrevious wraps around to last item when at first index","invocations":1,"location":null,"numPassingAsserts":2,"retryReasons":[],"status":"passed","title":"playPrevious wraps around to last item when at first index"}],"endTime":1763363851585,"message":"","name":"/workspaces/Audicle/packages/web-app-vercel/contexts/__tests__/PlaylistPlaybackContext.test.tsx","startTime":1763363851431,"status":"passed","summary":""},{"assertionResults":[{"ancestorTitles":["/api/playlists route"],"duration":1,"failureDetails":[],"failureMessages":[],"fullName":"/api/playlists route returns 200 on GET with playlists data","invocations":1,"location":null,"numPassingAsserts":4,"retryReasons":[],"status":"passed","title":"returns 200 on GET with playlists data"},{"ancestorTitles":["/api/playlists route"],"duration":0,"failureDetails":[],"failureMessages":[],"fullName":"/api/playlists route returns 400 on POST when name missing","invocations":1,"location":null,"numPassingAsserts":1,"retryReasons":[],"status":"passed","title":"returns 400 on POST when name missing"},{"ancestorTitles":["/api/playlists route"],"duration":2,"failureDetails":[],"failureMessages":[],"fullName":"/api/playlists route GET /items returns playlist items","invocations":1,"location":null,"numPassingAsserts":2,"retryReasons":[],"status":"passed","title":"GET /items returns playlist items"}],"endTime":1763363851688,"message":"","name":"/workspaces/Audicle/packages/web-app-vercel/app/api/playlists/__tests__/route.test.ts","startTime":1763363851596,"status":"passed","summary":""},{"assertionResults":[{"ancestorTitles":["/api/synthesize route"],"duration":4,"failureDetails":[],"failureMessages":[],"fullName":"/api/synthesize route returns 400 if body missing text and chunks","invocations":1,"location":null,"numPassingAsserts":1,"retryReasons":[],"status":"passed","title":"returns 400 if body missing text and chunks"},{"ancestorTitles":["/api/synthesize route"],"duration":1,"failureDetails":[],"failureMessages":[],"fullName":"/api/synthesize route returns 401 when unauthenticated","invocations":1,"location":null,"numPassingAsserts":1,"retryReasons":[],"status":"passed","title":"returns 401 when unauthenticated"},{"ancestorTitles":["/api/synthesize route"],"duration":1,"failureDetails":[],"failureMessages":[],"fullName":"/api/synthesize route returns 200 and audioUrls for valid chunks","invocations":1,"location":null,"numPassingAsserts":5,"retryReasons":[],"status":"passed","title":"returns 200 and audioUrls for valid chunks"},{"ancestorTitles":["/api/synthesize route"],"duration":1,"failureDetails":[],"failureMessages":[],"fullName":"/api/synthesize route supports base64-encoded GOOGLE_APPLICATION_CREDENTIALS_JSON","invocations":1,"location":null,"numPassingAsserts":1,"retryReasons":[],"status":"passed","title":"supports base64-encoded GOOGLE_APPLICATION_CREDENTIALS_JSON"},{"ancestorTitles":["/api/synthesize route"],"duration":0,"failureDetails":[],"failureMessages":[],"fullName":"/api/synthesize route supports path to keyfile in GOOGLE_APPLICATION_CREDENTIALS_JSON","invocations":1,"location":null,"numPassingAsserts":1,"retryReasons":[],"status":"passed","title":"supports path to keyfile in GOOGLE_APPLICATION_CREDENTIALS_JSON"},{"ancestorTitles":["/api/synthesize route"],"duration":0,"failureDetails":[],"failureMessages":[],"fullName":"/api/synthesize route supports escaped JSON string (e.g., multiline env) in GOOGLE_APPLICATION_CREDENTIALS_JSON","invocations":1,"location":null,"numPassingAsserts":1,"retryReasons":[],"status":"passed","title":"supports escaped JSON string (e.g., multiline env) in GOOGLE_APPLICATION_CREDENTIALS_JSON"}],"endTime":1763363851797,"message":"","name":"/workspaces/Audicle/packages/web-app-vercel/app/api/synthesize/__tests__/route.test.ts","startTime":1763363851699,"status":"passed","summary":""},{"assertionResults":[{"ancestorTitles":["AudioCache","getCacheKey"],"duration":1,"failureDetails":[],"failureMessages":[],"fullName":"AudioCache getCacheKey should generate consistent cache key for same inputs","invocations":1,"location":null,"numPassingAsserts":1,"retryReasons":[],"status":"passed","title":"should generate consistent cache key for same inputs"},{"ancestorTitles":["AudioCache","getCacheKey"],"duration":0,"failureDetails":[],"failureMessages":[],"fullName":"AudioCache getCacheKey should generate different keys for different text","invocations":1,"location":null,"numPassingAsserts":1,"retryReasons":[],"status":"passed","title":"should generate different keys for different text"},{"ancestorTitles":["AudioCache","getCacheKey"],"duration":0,"failureDetails":[],"failureMessages":[],"fullName":"AudioCache getCacheKey should generate different keys for different voice models","invocations":1,"location":null,"numPassingAsserts":1,"retryReasons":[],"status":"passed","title":"should generate different keys for different voice models"},{"ancestorTitles":["AudioCache","getCacheKey"],"duration":0,"failureDetails":[],"failureMessages":[],"fullName":"AudioCache getCacheKey should include articleUrl in key when provided","invocations":1,"location":null,"numPassingAsserts":2,"retryReasons":[],"status":"passed","title":"should include articleUrl in key when provided"},{"ancestorTitles":["AudioCache","getCacheKey"],"duration":0,"failureDetails":[],"failureMessages":[],"fullName":"AudioCache getCacheKey should handle empty string","invocations":1,"location":null,"numPassingAsserts":2,"retryReasons":[],"status":"passed","title":"should handle empty string"},{"ancestorTitles":["AudioCache","getCacheKey"],"duration":0,"failureDetails":[],"failureMessages":[],"fullName":"AudioCache getCacheKey should handle special characters","invocations":1,"location":null,"numPassingAsserts":1,"retryReasons":[],"status":"passed","title":"should handle special characters"},{"ancestorTitles":["AudioCache","hashString"],"duration":0,"failureDetails":[],"failureMessages":[],"fullName":"AudioCache hashString should return a string hash","invocations":1,"location":null,"numPassingAsserts":2,"retryReasons":[],"status":"passed","title":"should return a string hash"},{"ancestorTitles":["AudioCache","hashString"],"duration":1,"failureDetails":[],"failureMessages":[],"fullName":"AudioCache hashString should produce consistent results","invocations":1,"location":null,"numPassingAsserts":1,"retryReasons":[],"status":"passed","title":"should produce consistent results"},{"ancestorTitles":["AudioCache","hashString"],"duration":0,"failureDetails":[],"failureMessages":[],"fullName":"AudioCache hashString should produce different results for different strings","invocations":1,"location":null,"numPassingAsserts":1,"retryReasons":[],"status":"passed","title":"should produce different results for different strings"},{"ancestorTitles":["AudioCache","hashString"],"duration":0,"failureDetails":[],"failureMessages":[],"fullName":"AudioCache hashString should handle empty string","invocations":1,"location":null,"numPassingAsserts":1,"retryReasons":[],"status":"passed","title":"should handle empty string"},{"ancestorTitles":["AudioCache","hashString"],"duration":1,"failureDetails":[],"failureMessages":[],"fullName":"AudioCache hashString should handle long string","invocations":1,"location":null,"numPassingAsserts":1,"retryReasons":[],"status":"passed","title":"should handle long string"},{"ancestorTitles":["AudioCache","get"],"duration":1,"failureDetails":[],"failureMessages":[],"fullName":"AudioCache get should call synthesizeSpeech on cache miss and return a blob URL","invocations":1,"location":null,"numPassingAsserts":3,"retryReasons":[],"status":"passed","title":"should call synthesizeSpeech on cache miss and return a blob URL"},{"ancestorTitles":["AudioCache","get"],"duration":1,"failureDetails":[],"failureMessages":[],"fullName":"AudioCache get should not call synthesizeSpeech on cache hit","invocations":1,"location":null,"numPassingAsserts":1,"retryReasons":[],"status":"passed","title":"should not call synthesizeSpeech on cache hit"}],"endTime":1763363851900,"message":"","name":"/workspaces/Audicle/packages/web-app-vercel/lib/__tests__/audioCache.test.ts","startTime":1763363851811,"status":"passed","summary":""},{"assertionResults":[{"ancestorTitles":["calculateTextHash"],"duration":0,"failureDetails":[],"failureMessages":[],"fullName":"calculateTextHash should return a string hash for valid input","invocations":1,"location":null,"numPassingAsserts":2,"retryReasons":[],"status":"passed","title":"should return a string hash for valid input"},{"ancestorTitles":["calculateTextHash"],"duration":0,"failureDetails":[],"failureMessages":[],"fullName":"calculateTextHash should produce consistent results for the same input","invocations":1,"location":null,"numPassingAsserts":1,"retryReasons":[],"status":"passed","title":"should produce consistent results for the same input"},{"ancestorTitles":["calculateTextHash"],"duration":0,"failureDetails":[],"failureMessages":[],"fullName":"calculateTextHash should produce different results for different text","invocations":1,"location":null,"numPassingAsserts":1,"retryReasons":[],"status":"passed","title":"should produce different results for different text"},{"ancestorTitles":["calculateTextHash"],"duration":0,"failureDetails":[],"failureMessages":[],"fullName":"calculateTextHash should produce different results for different index","invocations":1,"location":null,"numPassingAsserts":1,"retryReasons":[],"status":"passed","title":"should produce different results for different index"},{"ancestorTitles":["calculateTextHash"],"duration":0,"failureDetails":[],"failureMessages":[],"fullName":"calculateTextHash should handle empty string","invocations":1,"location":null,"numPassingAsserts":2,"retryReasons":[],"status":"passed","title":"should handle empty string"},{"ancestorTitles":["calculateTextHash"],"duration":1,"failureDetails":[],"failureMessages":[],"fullName":"calculateTextHash should handle long string","invocations":1,"location":null,"numPassingAsserts":2,"retryReasons":[],"status":"passed","title":"should handle long string"},{"ancestorTitles":["calculateTextHash"],"duration":0,"failureDetails":[],"failureMessages":[],"fullName":"calculateTextHash should handle special characters","invocations":1,"location":null,"numPassingAsserts":2,"retryReasons":[],"status":"passed","title":"should handle special characters"}],"endTime":1763363851986,"message":"","name":"/workspaces/Audicle/packages/web-app-vercel/lib/__tests__/textHash.test.ts","startTime":1763363851912,"status":"passed","summary":""},{"assertionResults":[{"ancestorTitles":["Example Test"],"duration":8,"failureDetails":[],"failureMessages":[],"fullName":"Example Test should render a simple text","invocations":1,"location":null,"numPassingAsserts":1,"retryReasons":[],"status":"passed","title":"should render a simple text"}],"endTime":1763363852114,"message":"","name":"/workspaces/Audicle/packages/web-app-vercel/lib/__tests__/example.test.tsx","startTime":1763363852004,"status":"passed","summary":""},{"assertionResults":[{"ancestorTitles":["generateKey"],"duration":1,"failureDetails":[],"failureMessages":[],"fullName":"generateKey should generate a key string","invocations":1,"location":null,"numPassingAsserts":2,"retryReasons":[],"status":"passed","title":"should generate a key string"},{"ancestorTitles":["generateKey"],"duration":0,"failureDetails":[],"failureMessages":[],"fullName":"generateKey should use default voice when not provided","invocations":1,"location":null,"numPassingAsserts":1,"retryReasons":[],"status":"passed","title":"should use default voice when not provided"},{"ancestorTitles":["generateKey"],"duration":0,"failureDetails":[],"failureMessages":[],"fullName":"generateKey should produce consistent results","invocations":1,"location":null,"numPassingAsserts":1,"retryReasons":[],"status":"passed","title":"should produce consistent results"},{"ancestorTitles":["generateKey"],"duration":1,"failureDetails":[],"failureMessages":[],"fullName":"generateKey should produce different keys for different urls","invocations":1,"location":null,"numPassingAsserts":1,"retryReasons":[],"status":"passed","title":"should produce different keys for different urls"},{"ancestorTitles":["generateKey"],"duration":0,"failureDetails":[],"failureMessages":[],"fullName":"generateKey should produce different keys for different chunk indices","invocations":1,"location":null,"numPassingAsserts":1,"retryReasons":[],"status":"passed","title":"should produce different keys for different chunk indices"},{"ancestorTitles":["generateKey"],"duration":0,"failureDetails":[],"failureMessages":[],"fullName":"generateKey should produce different keys for different voice models","invocations":1,"location":null,"numPassingAsserts":1,"retryReasons":[],"status":"passed","title":"should produce different keys for different voice models"},{"ancestorTitles":["generateKey"],"duration":0,"failureDetails":[],"failureMessages":[],"fullName":"generateKey should handle empty string url","invocations":1,"location":null,"numPassingAsserts":1,"retryReasons":[],"status":"passed","title":"should handle empty string url"},{"ancestorTitles":["generateKey"],"duration":1,"failureDetails":[],"failureMessages":[],"fullName":"generateKey should handle zero chunk index","invocations":1,"location":null,"numPassingAsserts":1,"retryReasons":[],"status":"passed","title":"should handle zero chunk index"},{"ancestorTitles":["generateKey"],"duration":0,"failureDetails":[],"failureMessages":[],"fullName":"generateKey should handle special characters in url","invocations":1,"location":null,"numPassingAsserts":1,"retryReasons":[],"status":"passed","title":"should handle special characters in url"}],"endTime":1763363852203,"message":"","name":"/workspaces/Audicle/packages/web-app-vercel/lib/__tests__/indexedDB.test.ts","startTime":1763363852123,"status":"passed","summary":""},{"assertionResults":[{"ancestorTitles":["resolveArticleId"],"duration":0,"failureDetails":[],"failureMessages":[],"fullName":"resolveArticleId returns uuid when given existing article UUID","invocations":1,"location":null,"numPassingAsserts":1,"retryReasons":[],"status":"passed","title":"returns uuid when given existing article UUID"},{"ancestorTitles":["resolveArticleId"],"duration":6,"failureDetails":[],"failureMessages":[],"fullName":"resolveArticleId throws Article not found when UUID does not exist","invocations":1,"location":null,"numPassingAsserts":1,"retryReasons":[],"status":"passed","title":"throws Article not found when UUID does not exist"},{"ancestorTitles":["resolveArticleId"],"duration":0,"failureDetails":[],"failureMessages":[],"fullName":"resolveArticleId throws Article not found when user is not owner","invocations":1,"location":null,"numPassingAsserts":1,"retryReasons":[],"status":"passed","title":"throws Article not found when user is not owner"},{"ancestorTitles":["resolveArticleId"],"duration":0,"failureDetails":[],"failureMessages":[],"fullName":"resolveArticleId throws Article stats not found for unknown article_hash","invocations":1,"location":null,"numPassingAsserts":1,"retryReasons":[],"status":"passed","title":"throws Article stats not found for unknown article_hash"},{"ancestorTitles":["resolveArticleId"],"duration":0,"failureDetails":[],"failureMessages":[],"fullName":"resolveArticleId returns existing article id when article exists for article_hash","invocations":1,"location":null,"numPassingAsserts":1,"retryReasons":[],"status":"passed","title":"returns existing article id when article exists for article_hash"},{"ancestorTitles":["resolveArticleId"],"duration":0,"failureDetails":[],"failureMessages":[],"fullName":"resolveArticleId inserts new article and returns id when not found","invocations":1,"location":null,"numPassingAsserts":1,"retryReasons":[],"status":"passed","title":"inserts new article and returns id when not found"},{"ancestorTitles":["resolveArticleId"],"duration":0,"failureDetails":[],"failureMessages":[],"fullName":"resolveArticleId handles insert conflict and returns existing article","invocations":1,"location":null,"numPassingAsserts":1,"retryReasons":[],"status":"passed","title":"handles insert conflict and returns existing article"},{"ancestorTitles":["resolveArticleId"],"duration":0,"failureDetails":[],"failureMessages":[],"fullName":"resolveArticleId throws if insert fails with non-conflict error","invocations":1,"location":null,"numPassingAsserts":1,"retryReasons":[],"status":"passed","title":"throws if insert fails with non-conflict error"},{"ancestorTitles":["resolveArticleId"],"duration":0,"failureDetails":[],"failureMessages":[],"fullName":"resolveArticleId throws when retry after insert conflict still fails","invocations":1,"location":null,"numPassingAsserts":1,"retryReasons":[],"status":"passed","title":"throws when retry after insert conflict still fails"}],"endTime":1763363852290,"message":"","name":"/workspaces/Audicle/packages/web-app-vercel/lib/__tests__/api-helpers.test.ts","startTime":1763363852215,"status":"passed","summary":""}],"wasInterrupted":false,"coverageMap":{"/workspaces/Audicle/packages/web-app-vercel/app/api/extract/route.ts":{"path":"/workspaces/Audicle/packages/web-app-vercel/app/api/extract/route.ts","statementMap":{"0":{"start":{"line":12,"column":22},"end":{"line":12,"column":null}},"1":{"start":{"line":22,"column":22},"end":{"line":22,"column":27}},"2":{"start":{"line":10,"column":13},"end":{"line":10,"column":23}},"3":{"start":{"line":8,"column":13},"end":{"line":8,"column":23}},"4":{"start":{"line":1,"column":42},"end":{"line":1,"column":null}},"5":{"start":{"line":2,"column":28},"end":{"line":2,"column":null}},"6":{"start":{"line":3,"column":37},"end":{"line":3,"column":null}},"7":{"start":{"line":4,"column":26},"end":{"line":4,"column":null}},"8":{"start":{"line":8,"column":23},"end":{"line":8,"column":null}},"9":{"start":{"line":10,"column":23},"end":{"line":10,"column":null}},"10":{"start":{"line":13,"column":4},"end":{"line":19,"column":null}},"11":{"start":{"line":23,"column":4},"end":{"line":23,"column":null}},"12":{"start":{"line":25,"column":24},"end":{"line":29,"column":null}},"13":{"start":{"line":31,"column":4},"end":{"line":113,"column":null}},"14":{"start":{"line":32,"column":24},"end":{"line":32,"column":null}},"15":{"start":{"line":33,"column":8},"end":{"line":33,"column":null}},"16":{"start":{"line":35,"column":8},"end":{"line":40,"column":null}},"17":{"start":{"line":36,"column":12},"end":{"line":38,"column":null}},"18":{"start":{"line":43,"column":8},"end":{"line":50,"column":null}},"19":{"start":{"line":44,"column":12},"end":{"line":44,"column":null}},"20":{"start":{"line":46,"column":12},"end":{"line":48,"column":null}},"21":{"start":{"line":53,"column":21},"end":{"line":53,"column":null}},"22":{"start":{"line":56,"column":29},"end":{"line":56,"column":null}},"23":{"start":{"line":59,"column":24},"end":{"line":59,"column":null}},"24":{"start":{"line":61,"column":8},"end":{"line":66,"column":null}},"25":{"start":{"line":62,"column":12},"end":{"line":64,"column":null}},"26":{"start":{"line":69,"column":28},"end":{"line":69,"column":null}},"27":{"start":{"line":71,"column":42},"end":{"line":77,"column":null}},"28":{"start":{"line":79,"column":8},"end":{"line":82,"column":null}},"29":{"start":{"line":84,"column":8},"end":{"line":86,"column":null}},"30":{"start":{"line":88,"column":28},"end":{"line":92,"column":null}},"31":{"start":{"line":94,"column":8},"end":{"line":99,"column":null}},"32":{"start":{"line":95,"column":12},"end":{"line":97,"column":null}},"33":{"start":{"line":101,"column":8},"end":{"line":106,"column":null}},"34":{"start":{"line":102,"column":12},"end":{"line":104,"column":null}},"35":{"start":{"line":108,"column":8},"end":{"line":108,"column":null}},"36":{"start":{"line":109,"column":8},"end":{"line":111,"column":null}},"37":{"start":{"line":121,"column":23},"end":{"line":121,"column":null}},"38":{"start":{"line":122,"column":15},"end":{"line":122,"column":null}},"39":{"start":{"line":122,"column":32},"end":{"line":122,"column":52}},"40":{"start":{"line":124,"column":4},"end":{"line":145,"column":null}},"41":{"start":{"line":125,"column":25},"end":{"line":131,"column":null}},"42":{"start":{"line":133,"column":8},"end":{"line":135,"column":null}},"43":{"start":{"line":134,"column":12},"end":{"line":134,"column":null}},"44":{"start":{"line":137,"column":8},"end":{"line":137,"column":null}},"45":{"start":{"line":139,"column":8},"end":{"line":141,"column":null}},"46":{"start":{"line":140,"column":12},"end":{"line":140,"column":null}},"47":{"start":{"line":142,"column":8},"end":{"line":142,"column":null}},"48":{"start":{"line":144,"column":8},"end":{"line":144,"column":null}},"49":{"start":{"line":150,"column":8},"end":{"line":150,"column":null}},"50":{"start":{"line":151,"column":8},"end":{"line":151,"column":null}}},"fnMap":{"0":{"name":"OPTIONS","decl":{"start":{"line":12,"column":22},"end":{"line":12,"column":null}},"loc":{"start":{"line":12,"column":22},"end":{"line":20,"column":null}}},"1":{"name":"POST","decl":{"start":{"line":22,"column":22},"end":{"line":22,"column":27}},"loc":{"start":{"line":22,"column":47},"end":{"line":114,"column":null}}},"2":{"name":"fetchWithTimeout","decl":{"start":{"line":120,"column":15},"end":{"line":120,"column":32}},"loc":{"start":{"line":120,"column":67},"end":{"line":146,"column":null}}},"3":{"name":"(anonymous_8)","decl":{"start":{"line":122,"column":26},"end":{"line":122,"column":32}},"loc":{"start":{"line":122,"column":32},"end":{"line":122,"column":52}}},"4":{"name":"(anonymous_9)","decl":{"start":{"line":149,"column":4},"end":{"line":149,"column":16}},"loc":{"start":{"line":149,"column":33},"end":{"line":152,"column":null}}}},"branchMap":{"0":{"loc":{"start":{"line":35,"column":8},"end":{"line":40,"column":null}},"type":"if","locations":[{"start":{"line":35,"column":8},"end":{"line":40,"column":null}}]},"1":{"loc":{"start":{"line":35,"column":12},"end":{"line":35,"column":45}},"type":"binary-expr","locations":[{"start":{"line":35,"column":12},"end":{"line":35,"column":20}},{"start":{"line":35,"column":20},"end":{"line":35,"column":45}}]},"2":{"loc":{"start":{"line":61,"column":8},"end":{"line":66,"column":null}},"type":"if","locations":[{"start":{"line":61,"column":8},"end":{"line":66,"column":null}}]},"3":{"loc":{"start":{"line":69,"column":28},"end":{"line":69,"column":null}},"type":"binary-expr","locations":[{"start":{"line":69,"column":28},"end":{"line":69,"column":76}},{"start":{"line":69,"column":76},"end":{"line":69,"column":95}},{"start":{"line":69,"column":99},"end":{"line":69,"column":null}}]},"4":{"loc":{"start":{"line":69,"column":49},"end":{"line":69,"column":76}},"type":"binary-expr","locations":[{"start":{"line":69,"column":49},"end":{"line":69,"column":64}},{"start":{"line":69,"column":68},"end":{"line":69,"column":76}}]},"5":{"loc":{"start":{"line":72,"column":19},"end":{"line":72,"column":null}},"type":"binary-expr","locations":[{"start":{"line":72,"column":19},"end":{"line":72,"column":32}},{"start":{"line":72,"column":36},"end":{"line":72,"column":null}}]},"6":{"loc":{"start":{"line":73,"column":21},"end":{"line":73,"column":null}},"type":"binary-expr","locations":[{"start":{"line":73,"column":21},"end":{"line":73,"column":36}},{"start":{"line":73,"column":40},"end":{"line":73,"column":null}}]},"7":{"loc":{"start":{"line":75,"column":20},"end":{"line":75,"column":null}},"type":"binary-expr","locations":[{"start":{"line":75,"column":20},"end":{"line":75,"column":34}},{"start":{"line":75,"column":38},"end":{"line":75,"column":null}}]},"8":{"loc":{"start":{"line":76,"column":22},"end":{"line":76,"column":null}},"type":"binary-expr","locations":[{"start":{"line":76,"column":22},"end":{"line":76,"column":38}},{"start":{"line":76,"column":42},"end":{"line":76,"column":null}}]},"9":{"loc":{"start":{"line":94,"column":8},"end":{"line":99,"column":null}},"type":"if","locations":[{"start":{"line":94,"column":8},"end":{"line":99,"column":null}}]},"10":{"loc":{"start":{"line":101,"column":8},"end":{"line":106,"column":null}},"type":"if","locations":[{"start":{"line":101,"column":8},"end":{"line":106,"column":null}}]},"11":{"loc":{"start":{"line":120,"column":45},"end":{"line":120,"column":67}},"type":"default-arg","locations":[{"start":{"line":120,"column":63},"end":{"line":120,"column":67}}]},"12":{"loc":{"start":{"line":133,"column":8},"end":{"line":135,"column":null}},"type":"if","locations":[{"start":{"line":133,"column":8},"end":{"line":135,"column":null}}]},"13":{"loc":{"start":{"line":139,"column":8},"end":{"line":141,"column":null}},"type":"if","locations":[{"start":{"line":139,"column":8},"end":{"line":141,"column":null}}]},"14":{"loc":{"start":{"line":139,"column":12},"end":{"line":139,"column":67}},"type":"binary-expr","locations":[{"start":{"line":139,"column":12},"end":{"line":139,"column":38}},{"start":{"line":139,"column":38},"end":{"line":139,"column":67}}]}},"s":{"0":0,"1":2,"2":0,"3":0,"4":1,"5":1,"6":1,"7":1,"8":1,"9":1,"10":0,"11":2,"12":2,"13":2,"14":2,"15":2,"16":2,"17":1,"18":1,"19":1,"20":0,"21":1,"22":1,"23":1,"24":1,"25":0,"26":1,"27":1,"28":1,"29":1,"30":0,"31":0,"32":0,"33":0,"34":0,"35":0,"36":0,"37":1,"38":1,"39":0,"40":1,"41":1,"42":1,"43":0,"44":1,"45":0,"46":0,"47":0,"48":1,"49":0,"50":0},"f":{"0":0,"1":2,"2":1,"3":0,"4":0},"b":{"0":[1],"1":[2,1],"2":[0],"3":[1,0,0],"4":[1,0],"5":[1,1],"6":[1,0],"7":[1,1],"8":[1,1],"9":[0],"10":[0],"11":[1],"12":[0],"13":[0],"14":[0,0]}},"/workspaces/Audicle/packages/web-app-vercel/lib/parseArticle.ts":{"path":"/workspaces/Audicle/packages/web-app-vercel/lib/parseArticle.ts","statementMap":{"0":{"start":{"line":7,"column":16},"end":{"line":7,"column":37}},"1":{"start":{"line":1,"column":26},"end":{"line":1,"column":null}},"2":{"start":{"line":8,"column":4},"end":{"line":8,"column":null}},"3":{"start":{"line":8,"column":18},"end":{"line":8,"column":null}},"4":{"start":{"line":10,"column":25},"end":{"line":10,"column":null}},"5":{"start":{"line":14,"column":4},"end":{"line":18,"column":null}},"6":{"start":{"line":18,"column":22},"end":{"line":18,"column":null}},"7":{"start":{"line":20,"column":33},"end":{"line":20,"column":35}},"8":{"start":{"line":23,"column":22},"end":{"line":26,"column":null}},"9":{"start":{"line":28,"column":21},"end":{"line":28,"column":null}},"10":{"start":{"line":29,"column":4},"end":{"line":63,"column":null}},"11":{"start":{"line":31,"column":8},"end":{"line":51,"column":null}},"12":{"start":{"line":33,"column":23},"end":{"line":33,"column":null}},"13":{"start":{"line":34,"column":12},"end":{"line":49,"column":null}},"14":{"start":{"line":35,"column":16},"end":{"line":44,"column":null}},"15":{"start":{"line":36,"column":33},"end":{"line":36,"column":null}},"16":{"start":{"line":37,"column":34},"end":{"line":37,"column":null}},"17":{"start":{"line":38,"column":20},"end":{"line":43,"column":null}},"18":{"start":{"line":39,"column":37},"end":{"line":39,"column":null}},"19":{"start":{"line":40,"column":24},"end":{"line":40,"column":null}},"20":{"start":{"line":41,"column":34},"end":{"line":41,"column":null}},"21":{"start":{"line":42,"column":24},"end":{"line":42,"column":null}},"22":{"start":{"line":42,"column":31},"end":{"line":42,"column":null}},"23":{"start":{"line":47,"column":29},"end":{"line":47,"column":null}},"24":{"start":{"line":48,"column":16},"end":{"line":48,"column":null}},"25":{"start":{"line":48,"column":26},"end":{"line":48,"column":null}},"26":{"start":{"line":50,"column":12},"end":{"line":50,"column":null}},"27":{"start":{"line":54,"column":8},"end":{"line":56,"column":null}},"28":{"start":{"line":55,"column":12},"end":{"line":55,"column":null}},"29":{"start":{"line":59,"column":21},"end":{"line":59,"column":null}},"30":{"start":{"line":60,"column":8},"end":{"line":62,"column":null}},"31":{"start":{"line":61,"column":12},"end":{"line":61,"column":null}},"32":{"start":{"line":66,"column":4},"end":{"line":66,"column":null}}},"fnMap":{"0":{"name":"normalizeArticleText","decl":{"start":{"line":7,"column":16},"end":{"line":7,"column":37}},"loc":{"start":{"line":7,"column":52},"end":{"line":67,"column":null}}},"1":{"name":"(anonymous_2)","decl":{"start":{"line":18,"column":17},"end":{"line":18,"column":22}},"loc":{"start":{"line":18,"column":22},"end":{"line":18,"column":null}}},"2":{"name":"(anonymous_3)","decl":{"start":{"line":29,"column":21},"end":{"line":29,"column":null}},"loc":{"start":{"line":29,"column":21},"end":{"line":63,"column":null}}},"3":{"name":"(anonymous_4)","decl":{"start":{"line":35,"column":27},"end":{"line":35,"column":null}},"loc":{"start":{"line":35,"column":27},"end":{"line":44,"column":null}}},"4":{"name":"(anonymous_5)","decl":{"start":{"line":38,"column":34},"end":{"line":38,"column":null}},"loc":{"start":{"line":38,"column":34},"end":{"line":43,"column":null}}}},"branchMap":{"0":{"loc":{"start":{"line":8,"column":4},"end":{"line":8,"column":null}},"type":"if","locations":[{"start":{"line":8,"column":4},"end":{"line":8,"column":null}}]},"1":{"loc":{"start":{"line":31,"column":8},"end":{"line":51,"column":null}},"type":"if","locations":[{"start":{"line":31,"column":8},"end":{"line":51,"column":null}}]},"2":{"loc":{"start":{"line":34,"column":12},"end":{"line":49,"column":null}},"type":"if","locations":[{"start":{"line":34,"column":12},"end":{"line":49,"column":null}},{"start":{"line":45,"column":19},"end":{"line":49,"column":null}}]},"3":{"loc":{"start":{"line":36,"column":33},"end":{"line":36,"column":null}},"type":"binary-expr","locations":[{"start":{"line":36,"column":33},"end":{"line":36,"column":44}},{"start":{"line":36,"column":48},"end":{"line":36,"column":null}}]},"4":{"loc":{"start":{"line":42,"column":24},"end":{"line":42,"column":null}},"type":"if","locations":[{"start":{"line":42,"column":24},"end":{"line":42,"column":null}}]},"5":{"loc":{"start":{"line":48,"column":16},"end":{"line":48,"column":null}},"type":"if","locations":[{"start":{"line":48,"column":16},"end":{"line":48,"column":null}}]},"6":{"loc":{"start":{"line":54,"column":8},"end":{"line":56,"column":null}},"type":"if","locations":[{"start":{"line":54,"column":8},"end":{"line":56,"column":null}}]},"7":{"loc":{"start":{"line":54,"column":12},"end":{"line":54,"column":61}},"type":"binary-expr","locations":[{"start":{"line":54,"column":12},"end":{"line":54,"column":33}},{"start":{"line":54,"column":33},"end":{"line":54,"column":61}}]},"8":{"loc":{"start":{"line":60,"column":8},"end":{"line":62,"column":null}},"type":"if","locations":[{"start":{"line":60,"column":8},"end":{"line":62,"column":null}}]}},"s":{"0":9,"1":2,"2":9,"3":0,"4":9,"5":9,"6":1,"7":9,"8":9,"9":9,"10":9,"11":20,"12":4,"13":4,"14":3,"15":3,"16":3,"17":3,"18":5,"19":5,"20":5,"21":5,"22":5,"23":1,"24":1,"25":1,"26":4,"27":16,"28":3,"29":13,"30":13,"31":13,"32":9},"f":{"0":9,"1":1,"2":20,"3":3,"4":5},"b":{"0":[0],"1":[4],"2":[3,1],"3":[3,0],"4":[5],"5":[1],"6":[3],"7":[16,9],"8":[13]}},"/workspaces/Audicle/packages/web-app-vercel/lib/urlBuilder.ts":{"path":"/workspaces/Audicle/packages/web-app-vercel/lib/urlBuilder.ts","statementMap":{"0":{"start":{"line":18,"column":16},"end":{"line":18,"column":32}},"1":{"start":{"line":19,"column":25},"end":{"line":19,"column":null}},"2":{"start":{"line":21,"column":4},"end":{"line":23,"column":null}},"3":{"start":{"line":22,"column":8},"end":{"line":22,"column":null}},"4":{"start":{"line":25,"column":4},"end":{"line":27,"column":null}},"5":{"start":{"line":26,"column":8},"end":{"line":26,"column":null}},"6":{"start":{"line":29,"column":4},"end":{"line":34,"column":null}},"7":{"start":{"line":30,"column":8},"end":{"line":30,"column":null}},"8":{"start":{"line":31,"column":8},"end":{"line":33,"column":null}},"9":{"start":{"line":32,"column":12},"end":{"line":32,"column":null}},"10":{"start":{"line":36,"column":4},"end":{"line":38,"column":null}},"11":{"start":{"line":37,"column":8},"end":{"line":37,"column":null}},"12":{"start":{"line":40,"column":4},"end":{"line":40,"column":null}}},"fnMap":{"0":{"name":"createReaderUrl","decl":{"start":{"line":18,"column":16},"end":{"line":18,"column":32}},"loc":{"start":{"line":18,"column":55},"end":{"line":41,"column":null}}}},"branchMap":{"0":{"loc":{"start":{"line":21,"column":4},"end":{"line":23,"column":null}},"type":"if","locations":[{"start":{"line":21,"column":4},"end":{"line":23,"column":null}}]},"1":{"loc":{"start":{"line":25,"column":4},"end":{"line":27,"column":null}},"type":"if","locations":[{"start":{"line":25,"column":4},"end":{"line":27,"column":null}}]},"2":{"loc":{"start":{"line":29,"column":4},"end":{"line":34,"column":null}},"type":"if","locations":[{"start":{"line":29,"column":4},"end":{"line":34,"column":null}}]},"3":{"loc":{"start":{"line":31,"column":8},"end":{"line":33,"column":null}},"type":"if","locations":[{"start":{"line":31,"column":8},"end":{"line":33,"column":null}}]},"4":{"loc":{"start":{"line":36,"column":4},"end":{"line":38,"column":null}},"type":"if","locations":[{"start":{"line":36,"column":4},"end":{"line":38,"column":null}}]}},"s":{"0":5,"1":5,"2":5,"3":0,"4":5,"5":5,"6":5,"7":5,"8":5,"9":5,"10":5,"11":5,"12":5},"f":{"0":5},"b":{"0":[0],"1":[5],"2":[5],"3":[5],"4":[5]}},"/workspaces/Audicle/packages/web-app-vercel/lib/logger.ts":{"path":"/workspaces/Audicle/packages/web-app-vercel/lib/logger.ts","statementMap":{"0":{"start":{"line":12,"column":13},"end":{"line":12,"column":22}},"1":{"start":{"line":3,"column":19},"end":{"line":3,"column":null}},"2":{"start":{"line":4,"column":19},"end":{"line":10,"column":null}},"3":{"start":{"line":12,"column":22},"end":{"line":71,"column":null}},"4":{"start":{"line":14,"column":4},"end":{"line":14,"column":null}},"5":{"start":{"line":18,"column":4},"end":{"line":22,"column":null}},"6":{"start":{"line":27,"column":4},"end":{"line":27,"column":null}},"7":{"start":{"line":31,"column":4},"end":{"line":35,"column":null}},"8":{"start":{"line":40,"column":4},"end":{"line":40,"column":null}},"9":{"start":{"line":41,"column":4},"end":{"line":41,"column":null}},"10":{"start":{"line":45,"column":4},"end":{"line":45,"column":null}},"11":{"start":{"line":46,"column":4},"end":{"line":48,"column":null}},"12":{"start":{"line":47,"column":6},"end":{"line":47,"column":null}},"13":{"start":{"line":52,"column":4},"end":{"line":52,"column":null}},"14":{"start":{"line":53,"column":4},"end":{"line":53,"column":null}},"15":{"start":{"line":57,"column":4},"end":{"line":60,"column":null}},"16":{"start":{"line":65,"column":4},"end":{"line":68,"column":null}}},"fnMap":{"0":{"name":"(anonymous_1)","decl":{"start":{"line":13,"column":8},"end":{"line":13,"column":9}},"loc":{"start":{"line":13,"column":29},"end":{"line":15,"column":null}}},"1":{"name":"(anonymous_2)","decl":{"start":{"line":17,"column":11},"end":{"line":17,"column":12}},"loc":{"start":{"line":17,"column":32},"end":{"line":24,"column":null}}},"2":{"name":"(anonymous_3)","decl":{"start":{"line":26,"column":8},"end":{"line":26,"column":9}},"loc":{"start":{"line":26,"column":29},"end":{"line":28,"column":null}}},"3":{"name":"(anonymous_4)","decl":{"start":{"line":30,"column":9},"end":{"line":30,"column":10}},"loc":{"start":{"line":30,"column":30},"end":{"line":37,"column":null}}},"4":{"name":"(anonymous_5)","decl":{"start":{"line":39,"column":8},"end":{"line":39,"column":9}},"loc":{"start":{"line":39,"column":26},"end":{"line":42,"column":null}}},"5":{"name":"(anonymous_6)","decl":{"start":{"line":44,"column":14},"end":{"line":44,"column":15}},"loc":{"start":{"line":44,"column":44},"end":{"line":49,"column":null}}},"6":{"name":"(anonymous_7)","decl":{"start":{"line":51,"column":15},"end":{"line":51,"column":16}},"loc":{"start":{"line":51,"column":29},"end":{"line":54,"column":null}}},"7":{"name":"(anonymous_8)","decl":{"start":{"line":56,"column":9},"end":{"line":56,"column":10}},"loc":{"start":{"line":56,"column":26},"end":{"line":62,"column":null}}},"8":{"name":"(anonymous_9)","decl":{"start":{"line":64,"column":11},"end":{"line":64,"column":12}},"loc":{"start":{"line":64,"column":12},"end":{"line":70,"column":null}}}},"branchMap":{"0":{"loc":{"start":{"line":46,"column":4},"end":{"line":48,"column":null}},"type":"if","locations":[{"start":{"line":46,"column":4},"end":{"line":48,"column":null}}]}},"s":{"0":26,"1":3,"2":3,"3":3,"4":8,"5":0,"6":0,"7":0,"8":0,"9":0,"10":0,"11":0,"12":0,"13":0,"14":0,"15":18,"16":0},"f":{"0":8,"1":0,"2":0,"3":0,"4":0,"5":0,"6":0,"7":18,"8":0},"b":{"0":[0]}},"/workspaces/Audicle/packages/web-app-vercel/app/api/playlists/route.ts":{"path":"/workspaces/Audicle/packages/web-app-vercel/app/api/playlists/route.ts","statementMap":{"0":{"start":{"line":7,"column":22},"end":{"line":7,"column":null}},"1":{"start":{"line":45,"column":22},"end":{"line":45,"column":27}},"2":{"start":{"line":1,"column":29},"end":{"line":1,"column":null}},"3":{"start":{"line":2,"column":25},"end":{"line":2,"column":null}},"4":{"start":{"line":3,"column":28},"end":{"line":3,"column":null}},"5":{"start":{"line":8,"column":4},"end":{"line":41,"column":null}},"6":{"start":{"line":9,"column":40},"end":{"line":9,"column":null}},"7":{"start":{"line":10,"column":8},"end":{"line":10,"column":null}},"8":{"start":{"line":10,"column":22},"end":{"line":10,"column":null}},"9":{"start":{"line":12,"column":32},"end":{"line":17,"column":null}},"10":{"start":{"line":19,"column":8},"end":{"line":25,"column":null}},"11":{"start":{"line":20,"column":12},"end":{"line":20,"column":null}},"12":{"start":{"line":21,"column":12},"end":{"line":23,"column":null}},"13":{"start":{"line":28,"column":26},"end":{"line":32,"column":null}},"14":{"start":{"line":28,"column":103},"end":{"line":32,"column":null}},"15":{"start":{"line":34,"column":8},"end":{"line":34,"column":null}},"16":{"start":{"line":36,"column":8},"end":{"line":36,"column":null}},"17":{"start":{"line":37,"column":8},"end":{"line":39,"column":null}},"18":{"start":{"line":46,"column":4},"end":{"line":88,"column":null}},"19":{"start":{"line":47,"column":40},"end":{"line":47,"column":null}},"20":{"start":{"line":48,"column":8},"end":{"line":48,"column":null}},"21":{"start":{"line":48,"column":22},"end":{"line":48,"column":null}},"22":{"start":{"line":49,"column":21},"end":{"line":49,"column":null}},"23":{"start":{"line":51,"column":38},"end":{"line":51,"column":null}},"24":{"start":{"line":53,"column":8},"end":{"line":58,"column":null}},"25":{"start":{"line":54,"column":12},"end":{"line":56,"column":null}},"26":{"start":{"line":60,"column":32},"end":{"line":71,"column":null}},"27":{"start":{"line":73,"column":8},"end":{"line":79,"column":null}},"28":{"start":{"line":74,"column":12},"end":{"line":74,"column":null}},"29":{"start":{"line":75,"column":12},"end":{"line":77,"column":null}},"30":{"start":{"line":81,"column":8},"end":{"line":81,"column":null}},"31":{"start":{"line":83,"column":8},"end":{"line":83,"column":null}},"32":{"start":{"line":84,"column":8},"end":{"line":86,"column":null}}},"fnMap":{"0":{"name":"GET","decl":{"start":{"line":7,"column":22},"end":{"line":7,"column":null}},"loc":{"start":{"line":7,"column":22},"end":{"line":42,"column":null}}},"1":{"name":"(anonymous_4)","decl":{"start":{"line":28,"column":35},"end":{"line":28,"column":36}},"loc":{"start":{"line":28,"column":103},"end":{"line":32,"column":null}}},"2":{"name":"POST","decl":{"start":{"line":45,"column":22},"end":{"line":45,"column":27}},"loc":{"start":{"line":45,"column":43},"end":{"line":89,"column":null}}}},"branchMap":{"0":{"loc":{"start":{"line":10,"column":8},"end":{"line":10,"column":null}},"type":"if","locations":[{"start":{"line":10,"column":8},"end":{"line":10,"column":null}}]},"1":{"loc":{"start":{"line":19,"column":8},"end":{"line":25,"column":null}},"type":"if","locations":[{"start":{"line":19,"column":8},"end":{"line":25,"column":null}}]},"2":{"loc":{"start":{"line":30,"column":24},"end":{"line":30,"column":null}},"type":"binary-expr","locations":[{"start":{"line":30,"column":24},"end":{"line":30,"column":63}},{"start":{"line":30,"column":63},"end":{"line":30,"column":null}}]},"3":{"loc":{"start":{"line":48,"column":8},"end":{"line":48,"column":null}},"type":"if","locations":[{"start":{"line":48,"column":8},"end":{"line":48,"column":null}}]},"4":{"loc":{"start":{"line":53,"column":8},"end":{"line":58,"column":null}},"type":"if","locations":[{"start":{"line":53,"column":8},"end":{"line":58,"column":null}}]},"5":{"loc":{"start":{"line":65,"column":29},"end":{"line":65,"column":null}},"type":"binary-expr","locations":[{"start":{"line":65,"column":29},"end":{"line":65,"column":44}},{"start":{"line":65,"column":44},"end":{"line":65,"column":null}}]},"6":{"loc":{"start":{"line":73,"column":8},"end":{"line":79,"column":null}},"type":"if","locations":[{"start":{"line":73,"column":8},"end":{"line":79,"column":null}}]}},"s":{"0":1,"1":1,"2":1,"3":1,"4":1,"5":1,"6":1,"7":1,"8":0,"9":1,"10":1,"11":0,"12":0,"13":1,"14":1,"15":1,"16":0,"17":0,"18":1,"19":1,"20":1,"21":0,"22":1,"23":1,"24":1,"25":1,"26":0,"27":0,"28":0,"29":0,"30":0,"31":0,"32":0},"f":{"0":1,"1":1,"2":1},"b":{"0":[0],"1":[0],"2":[1,0],"3":[0],"4":[1],"5":[0,0],"6":[0]}},"/workspaces/Audicle/packages/web-app-vercel/app/api/playlists/[id]/items/route.ts":{"path":"/workspaces/Audicle/packages/web-app-vercel/app/api/playlists/[id]/items/route.ts","statementMap":{"0":{"start":{"line":104,"column":22},"end":{"line":104,"column":null}},"1":{"start":{"line":5,"column":22},"end":{"line":5,"column":null}},"2":{"start":{"line":1,"column":29},"end":{"line":1,"column":null}},"3":{"start":{"line":2,"column":25},"end":{"line":2,"column":null}},"4":{"start":{"line":3,"column":28},"end":{"line":3,"column":null}},"5":{"start":{"line":9,"column":4},"end":{"line":100,"column":null}},"6":{"start":{"line":10,"column":23},"end":{"line":10,"column":43}},"7":{"start":{"line":11,"column":40},"end":{"line":11,"column":null}},"8":{"start":{"line":12,"column":8},"end":{"line":12,"column":null}},"9":{"start":{"line":12,"column":22},"end":{"line":12,"column":null}},"10":{"start":{"line":15,"column":57},"end":{"line":19,"column":null}},"11":{"start":{"line":21,"column":8},"end":{"line":23,"column":null}},"12":{"start":{"line":22,"column":12},"end":{"line":22,"column":null}},"13":{"start":{"line":25,"column":8},"end":{"line":27,"column":null}},"14":{"start":{"line":26,"column":12},"end":{"line":26,"column":null}},"15":{"start":{"line":30,"column":21},"end":{"line":30,"column":null}},"16":{"start":{"line":31,"column":82},"end":{"line":31,"column":null}},"17":{"start":{"line":33,"column":8},"end":{"line":38,"column":null}},"18":{"start":{"line":34,"column":12},"end":{"line":36,"column":null}},"19":{"start":{"line":41,"column":55},"end":{"line":57,"column":null}},"20":{"start":{"line":59,"column":8},"end":{"line":64,"column":null}},"21":{"start":{"line":60,"column":12},"end":{"line":62,"column":null}},"22":{"start":{"line":67,"column":57},"end":{"line":80,"column":null}},"23":{"start":{"line":82,"column":8},"end":{"line":88,"column":null}},"24":{"start":{"line":83,"column":12},"end":{"line":83,"column":null}},"25":{"start":{"line":84,"column":12},"end":{"line":86,"column":null}},"26":{"start":{"line":90,"column":8},"end":{"line":93,"column":null}},"27":{"start":{"line":95,"column":8},"end":{"line":95,"column":null}},"28":{"start":{"line":96,"column":8},"end":{"line":98,"column":null}},"29":{"start":{"line":108,"column":4},"end":{"line":147,"column":null}},"30":{"start":{"line":109,"column":23},"end":{"line":109,"column":43}},"31":{"start":{"line":110,"column":40},"end":{"line":110,"column":null}},"32":{"start":{"line":111,"column":8},"end":{"line":111,"column":null}},"33":{"start":{"line":111,"column":22},"end":{"line":111,"column":null}},"34":{"start":{"line":114,"column":57},"end":{"line":118,"column":null}},"35":{"start":{"line":120,"column":8},"end":{"line":122,"column":null}},"36":{"start":{"line":121,"column":12},"end":{"line":121,"column":null}},"37":{"start":{"line":124,"column":8},"end":{"line":126,"column":null}},"38":{"start":{"line":125,"column":12},"end":{"line":125,"column":null}},"39":{"start":{"line":129,"column":39},"end":{"line":133,"column":null}},"40":{"start":{"line":135,"column":8},"end":{"line":138,"column":null}},"41":{"start":{"line":136,"column":12},"end":{"line":136,"column":null}},"42":{"start":{"line":137,"column":12},"end":{"line":137,"column":null}},"43":{"start":{"line":140,"column":8},"end":{"line":140,"column":null}},"44":{"start":{"line":142,"column":8},"end":{"line":142,"column":null}},"45":{"start":{"line":143,"column":8},"end":{"line":145,"column":null}}},"fnMap":{"0":{"name":"POST","decl":{"start":{"line":5,"column":22},"end":{"line":5,"column":null}},"loc":{"start":{"line":7,"column":48},"end":{"line":101,"column":null}}},"1":{"name":"GET","decl":{"start":{"line":104,"column":22},"end":{"line":104,"column":null}},"loc":{"start":{"line":106,"column":48},"end":{"line":148,"column":null}}}},"branchMap":{"0":{"loc":{"start":{"line":12,"column":8},"end":{"line":12,"column":null}},"type":"if","locations":[{"start":{"line":12,"column":8},"end":{"line":12,"column":null}}]},"1":{"loc":{"start":{"line":21,"column":8},"end":{"line":23,"column":null}},"type":"if","locations":[{"start":{"line":21,"column":8},"end":{"line":23,"column":null}}]},"2":{"loc":{"start":{"line":21,"column":12},"end":{"line":21,"column":40}},"type":"binary-expr","locations":[{"start":{"line":21,"column":12},"end":{"line":21,"column":29}},{"start":{"line":21,"column":29},"end":{"line":21,"column":40}}]},"3":{"loc":{"start":{"line":25,"column":8},"end":{"line":27,"column":null}},"type":"if","locations":[{"start":{"line":25,"column":8},"end":{"line":27,"column":null}}]},"4":{"loc":{"start":{"line":33,"column":8},"end":{"line":38,"column":null}},"type":"if","locations":[{"start":{"line":33,"column":8},"end":{"line":38,"column":null}}]},"5":{"loc":{"start":{"line":33,"column":12},"end":{"line":33,"column":44}},"type":"binary-expr","locations":[{"start":{"line":33,"column":12},"end":{"line":33,"column":28}},{"start":{"line":33,"column":28},"end":{"line":33,"column":44}}]},"6":{"loc":{"start":{"line":48,"column":35},"end":{"line":48,"column":null}},"type":"binary-expr","locations":[{"start":{"line":48,"column":35},"end":{"line":48,"column":52}},{"start":{"line":48,"column":52},"end":{"line":48,"column":null}}]},"7":{"loc":{"start":{"line":49,"column":40},"end":{"line":49,"column":null}},"type":"binary-expr","locations":[{"start":{"line":49,"column":40},"end":{"line":49,"column":62}},{"start":{"line":49,"column":62},"end":{"line":49,"column":null}}]},"8":{"loc":{"start":{"line":59,"column":8},"end":{"line":64,"column":null}},"type":"if","locations":[{"start":{"line":59,"column":8},"end":{"line":64,"column":null}}]},"9":{"loc":{"start":{"line":61,"column":25},"end":{"line":61,"column":76}},"type":"binary-expr","locations":[{"start":{"line":61,"column":25},"end":{"line":61,"column":45}},{"start":{"line":61,"column":49},"end":{"line":61,"column":76}}]},"10":{"loc":{"start":{"line":82,"column":8},"end":{"line":88,"column":null}},"type":"if","locations":[{"start":{"line":82,"column":8},"end":{"line":88,"column":null}}]},"11":{"loc":{"start":{"line":85,"column":25},"end":{"line":85,"column":79}},"type":"binary-expr","locations":[{"start":{"line":85,"column":25},"end":{"line":85,"column":42}},{"start":{"line":85,"column":46},"end":{"line":85,"column":79}}]},"12":{"loc":{"start":{"line":97,"column":21},"end":{"line":97,"column":86}},"type":"cond-expr","locations":[{"start":{"line":97,"column":46},"end":{"line":97,"column":59}},{"start":{"line":97,"column":62},"end":{"line":97,"column":86}}]},"13":{"loc":{"start":{"line":111,"column":8},"end":{"line":111,"column":null}},"type":"if","locations":[{"start":{"line":111,"column":8},"end":{"line":111,"column":null}}]},"14":{"loc":{"start":{"line":120,"column":8},"end":{"line":122,"column":null}},"type":"if","locations":[{"start":{"line":120,"column":8},"end":{"line":122,"column":null}}]},"15":{"loc":{"start":{"line":120,"column":12},"end":{"line":120,"column":40}},"type":"binary-expr","locations":[{"start":{"line":120,"column":12},"end":{"line":120,"column":29}},{"start":{"line":120,"column":29},"end":{"line":120,"column":40}}]},"16":{"loc":{"start":{"line":124,"column":8},"end":{"line":126,"column":null}},"type":"if","locations":[{"start":{"line":124,"column":8},"end":{"line":126,"column":null}}]},"17":{"loc":{"start":{"line":135,"column":8},"end":{"line":138,"column":null}},"type":"if","locations":[{"start":{"line":135,"column":8},"end":{"line":138,"column":null}}]},"18":{"loc":{"start":{"line":140,"column":33},"end":{"line":140,"column":44}},"type":"binary-expr","locations":[{"start":{"line":140,"column":33},"end":{"line":140,"column":42}},{"start":{"line":140,"column":42},"end":{"line":140,"column":44}}]},"19":{"loc":{"start":{"line":144,"column":21},"end":{"line":144,"column":86}},"type":"cond-expr","locations":[{"start":{"line":144,"column":46},"end":{"line":144,"column":59}},{"start":{"line":144,"column":62},"end":{"line":144,"column":86}}]}},"s":{"0":1,"1":0,"2":1,"3":1,"4":1,"5":0,"6":0,"7":0,"8":0,"9":0,"10":0,"11":0,"12":0,"13":0,"14":0,"15":0,"16":0,"17":0,"18":0,"19":0,"20":0,"21":0,"22":0,"23":0,"24":0,"25":0,"26":0,"27":0,"28":0,"29":1,"30":1,"31":1,"32":1,"33":0,"34":1,"35":1,"36":0,"37":1,"38":0,"39":1,"40":1,"41":0,"42":0,"43":1,"44":0,"45":0},"f":{"0":0,"1":1},"b":{"0":[0],"1":[0],"2":[0,0],"3":[0],"4":[0],"5":[0,0],"6":[0,0],"7":[0,0],"8":[0],"9":[0,0],"10":[0],"11":[0,0],"12":[0,0],"13":[0],"14":[0],"15":[1,1],"16":[0],"17":[0],"18":[1,0],"19":[0,0]}},"/workspaces/Audicle/packages/web-app-vercel/app/api/synthesize/route.ts":{"path":"/workspaces/Audicle/packages/web-app-vercel/app/api/synthesize/route.ts","statementMap":{"0":{"start":{"line":155,"column":22},"end":{"line":155,"column":null}},"1":{"start":{"line":165,"column":22},"end":{"line":165,"column":27}},"2":{"start":{"line":15,"column":13},"end":{"line":15,"column":23}},"3":{"start":{"line":13,"column":13},"end":{"line":13,"column":23}},"4":{"start":{"line":1,"column":42},"end":{"line":1,"column":null}},"5":{"start":{"line":2,"column":21},"end":{"line":2,"column":null}},"6":{"start":{"line":3,"column":22},"end":{"line":3,"column":null}},"7":{"start":{"line":4,"column":63},"end":{"line":4,"column":null}},"8":{"start":{"line":6,"column":43},"end":{"line":6,"column":null}},"9":{"start":{"line":7,"column":15},"end":{"line":7,"column":null}},"10":{"start":{"line":8,"column":63},"end":{"line":8,"column":null}},"11":{"start":{"line":9,"column":34},"end":{"line":9,"column":null}},"12":{"start":{"line":10,"column":35},"end":{"line":10,"column":null}},"13":{"start":{"line":13,"column":23},"end":{"line":13,"column":null}},"14":{"start":{"line":15,"column":23},"end":{"line":15,"column":null}},"15":{"start":{"line":18,"column":23},"end":{"line":18,"column":86}},"16":{"start":{"line":18,"column":71},"end":{"line":18,"column":84}},"17":{"start":{"line":22,"column":45},"end":{"line":22,"column":null}},"18":{"start":{"line":26,"column":20},"end":{"line":26,"column":null}},"19":{"start":{"line":27,"column":4},"end":{"line":27,"column":null}},"20":{"start":{"line":31,"column":43},"end":{"line":31,"column":null}},"21":{"start":{"line":34,"column":4},"end":{"line":36,"column":null}},"22":{"start":{"line":35,"column":8},"end":{"line":35,"column":null}},"23":{"start":{"line":39,"column":29},"end":{"line":39,"column":71}},"24":{"start":{"line":40,"column":4},"end":{"line":44,"column":null}},"25":{"start":{"line":41,"column":8},"end":{"line":41,"column":null}},"26":{"start":{"line":42,"column":8},"end":{"line":42,"column":null}},"27":{"start":{"line":43,"column":8},"end":{"line":43,"column":null}},"28":{"start":{"line":46,"column":28},"end":{"line":46,"column":75}},"29":{"start":{"line":47,"column":4},"end":{"line":49,"column":null}},"30":{"start":{"line":48,"column":8},"end":{"line":48,"column":null}},"31":{"start":{"line":55,"column":25},"end":{"line":61,"column":null}},"32":{"start":{"line":56,"column":8},"end":{"line":60,"column":null}},"33":{"start":{"line":57,"column":12},"end":{"line":57,"column":null}},"34":{"start":{"line":59,"column":12},"end":{"line":59,"column":null}},"35":{"start":{"line":64,"column":22},"end":{"line":64,"column":null}},"36":{"start":{"line":68,"column":4},"end":{"line":76,"column":null}},"37":{"start":{"line":69,"column":8},"end":{"line":75,"column":null}},"38":{"start":{"line":70,"column":30},"end":{"line":70,"column":null}},"39":{"start":{"line":71,"column":12},"end":{"line":71,"column":null}},"40":{"start":{"line":72,"column":12},"end":{"line":74,"column":null}},"41":{"start":{"line":73,"column":16},"end":{"line":73,"column":null}},"42":{"start":{"line":79,"column":4},"end":{"line":89,"column":null}},"43":{"start":{"line":80,"column":8},"end":{"line":88,"column":null}},"44":{"start":{"line":81,"column":28},"end":{"line":81,"column":null}},"45":{"start":{"line":82,"column":12},"end":{"line":82,"column":null}},"46":{"start":{"line":83,"column":12},"end":{"line":85,"column":null}},"47":{"start":{"line":84,"column":16},"end":{"line":84,"column":null}},"48":{"start":{"line":92,"column":4},"end":{"line":103,"column":null}},"49":{"start":{"line":93,"column":8},"end":{"line":102,"column":null}},"50":{"start":{"line":94,"column":28},"end":{"line":94,"column":null}},"51":{"start":{"line":95,"column":12},"end":{"line":99,"column":null}},"52":{"start":{"line":96,"column":16},"end":{"line":96,"column":null}},"53":{"start":{"line":97,"column":16},"end":{"line":97,"column":null}},"54":{"start":{"line":98,"column":16},"end":{"line":98,"column":null}},"55":{"start":{"line":105,"column":4},"end":{"line":107,"column":null}},"56":{"start":{"line":106,"column":8},"end":{"line":106,"column":null}},"57":{"start":{"line":112,"column":4},"end":{"line":115,"column":null}},"58":{"start":{"line":116,"column":4},"end":{"line":116,"column":null}},"59":{"start":{"line":120,"column":19},"end":{"line":120,"column":null}},"60":{"start":{"line":122,"column":80},"end":{"line":124,"column":null}},"61":{"start":{"line":126,"column":83},"end":{"line":129,"column":null}},"62":{"start":{"line":131,"column":74},"end":{"line":134,"column":null}},"63":{"start":{"line":136,"column":4},"end":{"line":152,"column":null}},"64":{"start":{"line":137,"column":27},"end":{"line":141,"column":null}},"65":{"start":{"line":143,"column":29},"end":{"line":143,"column":50}},"66":{"start":{"line":144,"column":8},"end":{"line":146,"column":null}},"67":{"start":{"line":145,"column":12},"end":{"line":145,"column":null}},"68":{"start":{"line":148,"column":8},"end":{"line":148,"column":null}},"69":{"start":{"line":150,"column":8},"end":{"line":150,"column":null}},"70":{"start":{"line":151,"column":8},"end":{"line":151,"column":null}},"71":{"start":{"line":156,"column":4},"end":{"line":162,"column":null}},"72":{"start":{"line":166,"column":24},"end":{"line":170,"column":null}},"73":{"start":{"line":172,"column":4},"end":{"line":530,"column":null}},"74":{"start":{"line":174,"column":24},"end":{"line":174,"column":null}},"75":{"start":{"line":175,"column":8},"end":{"line":177,"column":null}},"76":{"start":{"line":176,"column":12},"end":{"line":176,"column":null}},"77":{"start":{"line":180,"column":8},"end":{"line":182,"column":null}},"78":{"start":{"line":181,"column":12},"end":{"line":181,"column":null}},"79":{"start":{"line":185,"column":21},"end":{"line":185,"column":null}},"80":{"start":{"line":188,"column":8},"end":{"line":193,"column":null}},"81":{"start":{"line":196,"column":8},"end":{"line":201,"column":null}},"82":{"start":{"line":197,"column":12},"end":{"line":199,"column":null}},"83":{"start":{"line":203,"column":29},"end":{"line":203,"column":null}},"84":{"start":{"line":204,"column":24},"end":{"line":204,"column":null}},"85":{"start":{"line":205,"column":36},"end":{"line":205,"column":null}},"86":{"start":{"line":208,"column":27},"end":{"line":210,"column":null}},"87":{"start":{"line":209,"column":54},"end":{"line":209,"column":60}},"88":{"start":{"line":212,"column":27},"end":{"line":212,"column":null}},"89":{"start":{"line":213,"column":51},"end":{"line":213,"column":null}},"90":{"start":{"line":216,"column":31},"end":{"line":216,"column":null}},"91":{"start":{"line":217,"column":23},"end":{"line":217,"column":null}},"92":{"start":{"line":218,"column":19},"end":{"line":218,"column":null}},"93":{"start":{"line":220,"column":8},"end":{"line":281,"column":null}},"94":{"start":{"line":221,"column":32},"end":{"line":221,"column":69}},"95":{"start":{"line":224,"column":12},"end":{"line":250,"column":null}},"96":{"start":{"line":225,"column":36},"end":{"line":225,"column":null}},"97":{"start":{"line":226,"column":36},"end":{"line":226,"column":53}},"98":{"start":{"line":228,"column":16},"end":{"line":249,"column":null}},"99":{"start":{"line":230,"column":41},"end":{"line":230,"column":null}},"100":{"start":{"line":231,"column":20},"end":{"line":231,"column":null}},"101":{"start":{"line":234,"column":20},"end":{"line":246,"column":null}},"102":{"start":{"line":235,"column":24},"end":{"line":244,"column":null}},"103":{"start":{"line":245,"column":24},"end":{"line":245,"column":null}},"104":{"start":{"line":248,"column":20},"end":{"line":248,"column":null}},"105":{"start":{"line":253,"column":12},"end":{"line":280,"column":null}},"106":{"start":{"line":254,"column":16},"end":{"line":279,"column":null}},"107":{"start":{"line":256,"column":41},"end":{"line":256,"column":null}},"108":{"start":{"line":257,"column":20},"end":{"line":257,"column":null}},"109":{"start":{"line":260,"column":20},"end":{"line":268,"column":null}},"110":{"start":{"line":261,"column":24},"end":{"line":261,"column":null}},"111":{"start":{"line":262,"column":24},"end":{"line":267,"column":null}},"112":{"start":{"line":271,"column":20},"end":{"line":271,"column":null}},"113":{"start":{"line":272,"column":20},"end":{"line":275,"column":null}},"114":{"start":{"line":276,"column":20},"end":{"line":276,"column":null}},"115":{"start":{"line":278,"column":20},"end":{"line":278,"column":null}},"116":{"start":{"line":284,"column":8},"end":{"line":289,"column":null}},"117":{"start":{"line":292,"column":25},"end":{"line":292,"column":null}},"118":{"start":{"line":293,"column":8},"end":{"line":304,"column":null}},"119":{"start":{"line":294,"column":12},"end":{"line":303,"column":null}},"120":{"start":{"line":295,"column":16},"end":{"line":295,"column":null}},"121":{"start":{"line":296,"column":16},"end":{"line":300,"column":null}},"122":{"start":{"line":307,"column":24},"end":{"line":307,"column":null}},"123":{"start":{"line":308,"column":26},"end":{"line":308,"column":null}},"124":{"start":{"line":311,"column":36},"end":{"line":311,"column":38}},"125":{"start":{"line":312,"column":39},"end":{"line":312,"column":41}},"126":{"start":{"line":315,"column":36},"end":{"line":315,"column":null}},"127":{"start":{"line":317,"column":8},"end":{"line":445,"column":17}},"128":{"start":{"line":317,"column":21},"end":{"line":317,"column":24}},"129":{"start":{"line":318,"column":30},"end":{"line":318,"column":43}},"130":{"start":{"line":319,"column":29},"end":{"line":319,"column":null}},"131":{"start":{"line":320,"column":29},"end":{"line":320,"column":60}},"132":{"start":{"line":321,"column":36},"end":{"line":321,"column":null}},"133":{"start":{"line":323,"column":36},"end":{"line":337,"column":null}},"134":{"start":{"line":324,"column":16},"end":{"line":336,"column":null}},"135":{"start":{"line":325,"column":32},"end":{"line":325,"column":null}},"136":{"start":{"line":326,"column":20},"end":{"line":326,"column":null}},"137":{"start":{"line":327,"column":20},"end":{"line":327,"column":null}},"138":{"start":{"line":328,"column":20},"end":{"line":328,"column":null}},"139":{"start":{"line":329,"column":20},"end":{"line":329,"column":null}},"140":{"start":{"line":331,"column":20},"end":{"line":334,"column":null}},"141":{"start":{"line":335,"column":20},"end":{"line":335,"column":null}},"142":{"start":{"line":339,"column":30},"end":{"line":339,"column":null}},"143":{"start":{"line":340,"column":31},"end":{"line":340,"column":null}},"144":{"start":{"line":342,"column":34},"end":{"line":352,"column":null}},"145":{"start":{"line":343,"column":16},"end":{"line":345,"column":null}},"146":{"start":{"line":344,"column":20},"end":{"line":344,"column":null}},"147":{"start":{"line":346,"column":16},"end":{"line":346,"column":null}},"148":{"start":{"line":347,"column":31},"end":{"line":350,"column":null}},"149":{"start":{"line":348,"column":20},"end":{"line":348,"column":null}},"150":{"start":{"line":349,"column":20},"end":{"line":349,"column":null}},"151":{"start":{"line":351,"column":16},"end":{"line":351,"column":null}},"152":{"start":{"line":355,"column":12},"end":{"line":365,"column":null}},"153":{"start":{"line":356,"column":16},"end":{"line":356,"column":null}},"154":{"start":{"line":357,"column":16},"end":{"line":357,"column":null}},"155":{"start":{"line":359,"column":36},"end":{"line":359,"column":null}},"156":{"start":{"line":360,"column":16},"end":{"line":362,"column":null}},"157":{"start":{"line":361,"column":20},"end":{"line":361,"column":null}},"158":{"start":{"line":364,"column":16},"end":{"line":364,"column":null}},"159":{"start":{"line":367,"column":12},"end":{"line":390,"column":null}},"160":{"start":{"line":368,"column":16},"end":{"line":389,"column":null}},"161":{"start":{"line":370,"column":20},"end":{"line":370,"column":null}},"162":{"start":{"line":371,"column":20},"end":{"line":371,"column":null}},"163":{"start":{"line":373,"column":40},"end":{"line":373,"column":null}},"164":{"start":{"line":374,"column":20},"end":{"line":376,"column":null}},"165":{"start":{"line":375,"column":24},"end":{"line":375,"column":null}},"166":{"start":{"line":378,"column":20},"end":{"line":378,"column":null}},"167":{"start":{"line":379,"column":20},"end":{"line":379,"column":null}},"168":{"start":{"line":380,"column":20},"end":{"line":385,"column":null}},"169":{"start":{"line":381,"column":44},"end":{"line":381,"column":null}},"170":{"start":{"line":382,"column":24},"end":{"line":384,"column":null}},"171":{"start":{"line":383,"column":28},"end":{"line":383,"column":null}},"172":{"start":{"line":388,"column":20},"end":{"line":388,"column":null}},"173":{"start":{"line":393,"column":12},"end":{"line":396,"column":null}},"174":{"start":{"line":394,"column":16},"end":{"line":394,"column":null}},"175":{"start":{"line":395,"column":16},"end":{"line":395,"column":null}},"176":{"start":{"line":398,"column":12},"end":{"line":416,"column":null}},"177":{"start":{"line":399,"column":16},"end":{"line":399,"column":null}},"178":{"start":{"line":401,"column":36},"end":{"line":401,"column":null}},"179":{"start":{"line":402,"column":16},"end":{"line":415,"column":null}},"180":{"start":{"line":404,"column":20},"end":{"line":412,"column":null}},"181":{"start":{"line":405,"column":24},"end":{"line":411,"column":null}},"182":{"start":{"line":407,"column":32},"end":{"line":407,"column":null}},"183":{"start":{"line":410,"column":32},"end":{"line":410,"column":null}},"184":{"start":{"line":414,"column":20},"end":{"line":414,"column":null}},"185":{"start":{"line":419,"column":12},"end":{"line":419,"column":null}},"186":{"start":{"line":420,"column":12},"end":{"line":420,"column":null}},"187":{"start":{"line":421,"column":32},"end":{"line":421,"column":null}},"188":{"start":{"line":424,"column":12},"end":{"line":424,"column":null}},"189":{"start":{"line":427,"column":12},"end":{"line":444,"column":null}},"190":{"start":{"line":428,"column":34},"end":{"line":428,"column":null}},"191":{"start":{"line":429,"column":16},"end":{"line":429,"column":null}},"192":{"start":{"line":432,"column":16},"end":{"line":439,"column":null}},"193":{"start":{"line":433,"column":20},"end":{"line":438,"column":null}},"194":{"start":{"line":434,"column":24},"end":{"line":434,"column":null}},"195":{"start":{"line":435,"column":24},"end":{"line":435,"column":null}},"196":{"start":{"line":441,"column":16},"end":{"line":441,"column":null}},"197":{"start":{"line":442,"column":36},"end":{"line":442,"column":null}},"198":{"start":{"line":443,"column":16},"end":{"line":443,"column":null}},"199":{"start":{"line":446,"column":28},"end":{"line":446,"column":45}},"200":{"start":{"line":447,"column":24},"end":{"line":447,"column":null}},"201":{"start":{"line":449,"column":39},"end":{"line":454,"column":null}},"202":{"start":{"line":456,"column":8},"end":{"line":456,"column":null}},"203":{"start":{"line":457,"column":8},"end":{"line":457,"column":null}},"204":{"start":{"line":460,"column":8},"end":{"line":489,"column":null}},"205":{"start":{"line":463,"column":30},"end":{"line":463,"column":45}},"206":{"start":{"line":466,"column":12},"end":{"line":480,"column":null}},"207":{"start":{"line":467,"column":33},"end":{"line":467,"column":45}},"208":{"start":{"line":468,"column":33},"end":{"line":468,"column":null}},"209":{"start":{"line":470,"column":16},"end":{"line":476,"column":null}},"210":{"start":{"line":471,"column":20},"end":{"line":471,"column":null}},"211":{"start":{"line":472,"column":20},"end":{"line":474,"column":null}},"212":{"start":{"line":478,"column":36},"end":{"line":478,"column":null}},"213":{"start":{"line":479,"column":16},"end":{"line":479,"column":null}},"214":{"start":{"line":482,"column":32},"end":{"line":482,"column":null}},"215":{"start":{"line":484,"column":12},"end":{"line":488,"column":null}},"216":{"start":{"line":492,"column":8},"end":{"line":499,"column":null}},"217":{"start":{"line":502,"column":28},"end":{"line":506,"column":null}},"218":{"start":{"line":508,"column":8},"end":{"line":508,"column":null}},"219":{"start":{"line":510,"column":8},"end":{"line":515,"column":null}},"220":{"start":{"line":511,"column":12},"end":{"line":513,"column":null}},"221":{"start":{"line":524,"column":54},"end":{"line":524,"column":null}},"222":{"start":{"line":525,"column":8},"end":{"line":527,"column":null}},"223":{"start":{"line":526,"column":12},"end":{"line":526,"column":null}},"224":{"start":{"line":529,"column":8},"end":{"line":529,"column":null}}},"fnMap":{"0":{"name":"(anonymous_6)","decl":{"start":{"line":18,"column":66},"end":{"line":18,"column":71}},"loc":{"start":{"line":18,"column":71},"end":{"line":18,"column":84}}},"1":{"name":"calculateArticleHash","decl":{"start":{"line":25,"column":9},"end":{"line":25,"column":30}},"loc":{"start":{"line":25,"column":46},"end":{"line":28,"column":null}}},"2":{"name":"getTTSClient","decl":{"start":{"line":33,"column":9},"end":{"line":33,"column":null}},"loc":{"start":{"line":33,"column":9},"end":{"line":117,"column":null}}},"3":{"name":"(anonymous_9)","decl":{"start":{"line":55,"column":25},"end":{"line":55,"column":26}},"loc":{"start":{"line":55,"column":26},"end":{"line":61,"column":null}}},"4":{"name":"synthesizeToBuffer","decl":{"start":{"line":119,"column":15},"end":{"line":119,"column":34}},"loc":{"start":{"line":119,"column":89},"end":{"line":153,"column":null}}},"5":{"name":"OPTIONS","decl":{"start":{"line":155,"column":22},"end":{"line":155,"column":null}},"loc":{"start":{"line":155,"column":22},"end":{"line":163,"column":null}}},"6":{"name":"POST","decl":{"start":{"line":165,"column":22},"end":{"line":165,"column":27}},"loc":{"start":{"line":165,"column":47},"end":{"line":531,"column":null}}},"7":{"name":"(anonymous_13)","decl":{"start":{"line":209,"column":30},"end":{"line":209,"column":31}},"loc":{"start":{"line":209,"column":54},"end":{"line":209,"column":60}}},"8":{"name":"(anonymous_14)","decl":{"start":{"line":323,"column":36},"end":{"line":323,"column":null}},"loc":{"start":{"line":323,"column":36},"end":{"line":337,"column":null}}},"9":{"name":"(anonymous_15)","decl":{"start":{"line":342,"column":34},"end":{"line":342,"column":null}},"loc":{"start":{"line":342,"column":34},"end":{"line":352,"column":null}}},"10":{"name":"(anonymous_16)","decl":{"start":{"line":347,"column":72},"end":{"line":347,"column":73}},"loc":{"start":{"line":347,"column":73},"end":{"line":350,"column":null}}},"11":{"name":"(anonymous_17)","decl":{"start":{"line":406,"column":34},"end":{"line":406,"column":null}},"loc":{"start":{"line":406,"column":34},"end":{"line":408,"column":null}}},"12":{"name":"(anonymous_18)","decl":{"start":{"line":409,"column":35},"end":{"line":409,"column":36}},"loc":{"start":{"line":409,"column":36},"end":{"line":411,"column":null}}}},"branchMap":{"0":{"loc":{"start":{"line":18,"column":23},"end":{"line":18,"column":86}},"type":"binary-expr","locations":[{"start":{"line":18,"column":23},"end":{"line":18,"column":84}},{"start":{"line":18,"column":84},"end":{"line":18,"column":86}}]},"1":{"loc":{"start":{"line":34,"column":4},"end":{"line":36,"column":null}},"type":"if","locations":[{"start":{"line":34,"column":4},"end":{"line":36,"column":null}}]},"2":{"loc":{"start":{"line":40,"column":4},"end":{"line":44,"column":null}},"type":"if","locations":[{"start":{"line":40,"column":4},"end":{"line":44,"column":null}}]},"3":{"loc":{"start":{"line":40,"column":8},"end":{"line":40,"column":61}},"type":"binary-expr","locations":[{"start":{"line":40,"column":8},"end":{"line":40,"column":28}},{"start":{"line":40,"column":28},"end":{"line":40,"column":61}}]},"4":{"loc":{"start":{"line":47,"column":4},"end":{"line":49,"column":null}},"type":"if","locations":[{"start":{"line":47,"column":4},"end":{"line":49,"column":null}}]},"5":{"loc":{"start":{"line":68,"column":4},"end":{"line":76,"column":null}},"type":"if","locations":[{"start":{"line":68,"column":4},"end":{"line":76,"column":null}}]},"6":{"loc":{"start":{"line":72,"column":12},"end":{"line":74,"column":null}},"type":"if","locations":[{"start":{"line":72,"column":12},"end":{"line":74,"column":null}}]},"7":{"loc":{"start":{"line":79,"column":4},"end":{"line":89,"column":null}},"type":"if","locations":[{"start":{"line":79,"column":4},"end":{"line":89,"column":null}}]},"8":{"loc":{"start":{"line":83,"column":12},"end":{"line":85,"column":null}},"type":"if","locations":[{"start":{"line":83,"column":12},"end":{"line":85,"column":null}}]},"9":{"loc":{"start":{"line":92,"column":4},"end":{"line":103,"column":null}},"type":"if","locations":[{"start":{"line":92,"column":4},"end":{"line":103,"column":null}}]},"10":{"loc":{"start":{"line":95,"column":12},"end":{"line":99,"column":null}},"type":"if","locations":[{"start":{"line":95,"column":12},"end":{"line":99,"column":null}}]},"11":{"loc":{"start":{"line":95,"column":16},"end":{"line":95,"column":127}},"type":"binary-expr","locations":[{"start":{"line":95,"column":17},"end":{"line":95,"column":44}},{"start":{"line":95,"column":44},"end":{"line":95,"column":73}},{"start":{"line":95,"column":73},"end":{"line":95,"column":97}},{"start":{"line":95,"column":103},"end":{"line":95,"column":127}}]},"12":{"loc":{"start":{"line":105,"column":4},"end":{"line":107,"column":null}},"type":"if","locations":[{"start":{"line":105,"column":4},"end":{"line":107,"column":null}}]},"13":{"loc":{"start":{"line":119,"column":63},"end":{"line":119,"column":89}},"type":"default-arg","locations":[{"start":{"line":119,"column":86},"end":{"line":119,"column":89}}]},"14":{"loc":{"start":{"line":128,"column":14},"end":{"line":128,"column":null}},"type":"binary-expr","locations":[{"start":{"line":128,"column":14},"end":{"line":128,"column":23}},{"start":{"line":128,"column":23},"end":{"line":128,"column":null}}]},"15":{"loc":{"start":{"line":144,"column":8},"end":{"line":146,"column":null}},"type":"if","locations":[{"start":{"line":144,"column":8},"end":{"line":146,"column":null}}]},"16":{"loc":{"start":{"line":148,"column":15},"end":{"line":148,"column":null}},"type":"cond-expr","locations":[{"start":{"line":148,"column":47},"end":{"line":148,"column":62}},{"start":{"line":148,"column":62},"end":{"line":148,"column":null}}]},"17":{"loc":{"start":{"line":151,"column":49},"end":{"line":151,"column":120}},"type":"cond-expr","locations":[{"start":{"line":151,"column":79},"end":{"line":151,"column":97}},{"start":{"line":151,"column":100},"end":{"line":151,"column":120}}]},"18":{"loc":{"start":{"line":175,"column":8},"end":{"line":177,"column":null}},"type":"if","locations":[{"start":{"line":175,"column":8},"end":{"line":177,"column":null}}]},"19":{"loc":{"start":{"line":180,"column":8},"end":{"line":182,"column":null}},"type":"if","locations":[{"start":{"line":180,"column":8},"end":{"line":182,"column":null}}]},"20":{"loc":{"start":{"line":180,"column":12},"end":{"line":180,"column":87}},"type":"binary-expr","locations":[{"start":{"line":180,"column":12},"end":{"line":180,"column":41}},{"start":{"line":180,"column":41},"end":{"line":180,"column":87}}]},"21":{"loc":{"start":{"line":192,"column":19},"end":{"line":192,"column":49}},"type":"binary-expr","locations":[{"start":{"line":192,"column":19},"end":{"line":192,"column":29}},{"start":{"line":192,"column":33},"end":{"line":192,"column":49}}]},"22":{"loc":{"start":{"line":196,"column":8},"end":{"line":201,"column":null}},"type":"if","locations":[{"start":{"line":196,"column":8},"end":{"line":201,"column":null}}]},"23":{"loc":{"start":{"line":196,"column":12},"end":{"line":196,"column":38}},"type":"binary-expr","locations":[{"start":{"line":196,"column":12},"end":{"line":196,"column":24}},{"start":{"line":196,"column":28},"end":{"line":196,"column":38}}]},"24":{"loc":{"start":{"line":203,"column":29},"end":{"line":203,"column":null}},"type":"binary-expr","locations":[{"start":{"line":203,"column":29},"end":{"line":203,"column":46}},{"start":{"line":203,"column":50},"end":{"line":203,"column":null}}]},"25":{"loc":{"start":{"line":208,"column":27},"end":{"line":210,"column":null}},"type":"cond-expr","locations":[{"start":{"line":209,"column":14},"end":{"line":209,"column":null}},{"start":{"line":210,"column":14},"end":{"line":210,"column":null}}]},"26":{"loc":{"start":{"line":212,"column":27},"end":{"line":212,"column":null}},"type":"binary-expr","locations":[{"start":{"line":212,"column":27},"end":{"line":212,"column":37}},{"start":{"line":212,"column":41},"end":{"line":212,"column":57}},{"start":{"line":212,"column":61},"end":{"line":212,"column":null}}]},"27":{"loc":{"start":{"line":220,"column":8},"end":{"line":281,"column":null}},"type":"if","locations":[{"start":{"line":220,"column":8},"end":{"line":281,"column":null}}]},"28":{"loc":{"start":{"line":224,"column":12},"end":{"line":250,"column":null}},"type":"if","locations":[{"start":{"line":224,"column":12},"end":{"line":250,"column":null}}]},"29":{"loc":{"start":{"line":224,"column":16},"end":{"line":224,"column":63}},"type":"binary-expr","locations":[{"start":{"line":224,"column":16},"end":{"line":224,"column":30}},{"start":{"line":224,"column":30},"end":{"line":224,"column":40}},{"start":{"line":224,"column":40},"end":{"line":224,"column":63}}]},"30":{"loc":{"start":{"line":234,"column":20},"end":{"line":246,"column":null}},"type":"if","locations":[{"start":{"line":234,"column":20},"end":{"line":246,"column":null}}]},"31":{"loc":{"start":{"line":234,"column":24},"end":{"line":234,"column":75}},"type":"binary-expr","locations":[{"start":{"line":234,"column":24},"end":{"line":234,"column":37}},{
[...]
"start":{"line":14,"column":4},"end":{"line":84,"column":null}},"5":{"start":{"line":15,"column":31},"end":{"line":15,"column":51}},"6":{"start":{"line":16,"column":34},"end":{"line":16,"column":null}},"7":{"start":{"line":17,"column":40},"end":{"line":17,"column":null}},"8":{"start":{"line":18,"column":8},"end":{"line":18,"column":null}},"9":{"start":{"line":18,"column":22},"end":{"line":18,"column":null}},"10":{"start":{"line":21,"column":55},"end":{"line":26,"column":null}},"11":{"start":{"line":29,"column":8},"end":{"line":38,"column":null}},"12":{"start":{"line":31,"column":12},"end":{"line":33,"column":null}},"13":{"start":{"line":32,"column":16},"end":{"line":32,"column":null}},"14":{"start":{"line":34,"column":12},"end":{"line":36,"column":null}},"15":{"start":{"line":39,"column":8},"end":{"line":41,"column":null}},"16":{"start":{"line":40,"column":12},"end":{"line":40,"column":null}},"17":{"start":{"line":43,"column":26},"end":{"line":43,"column":36}},"18":{"start":{"line":46,"column":67},"end":{"line":49,"column":null}},"19":{"start":{"line":51,"column":8},"end":{"line":56,"column":null}},"20":{"start":{"line":52,"column":12},"end":{"line":54,"column":null}},"21":{"start":{"line":58,"column":8},"end":{"line":60,"column":null}},"22":{"start":{"line":59,"column":12},"end":{"line":59,"column":null}},"23":{"start":{"line":63,"column":28},"end":{"line":63,"column":null}},"24":{"start":{"line":63,"column":54},"end":{"line":63,"column":70}},"25":{"start":{"line":66,"column":59},"end":{"line":72,"column":null}},"26":{"start":{"line":74,"column":8},"end":{"line":79,"column":null}},"27":{"start":{"line":75,"column":12},"end":{"line":77,"column":null}},"28":{"start":{"line":81,"column":8},"end":{"line":81,"column":null}},"29":{"start":{"line":83,"column":8},"end":{"line":83,"column":null}}},"fnMap":{"0":{"name":"GET","decl":{"start":{"line":10,"column":22},"end":{"line":10,"column":null}},"loc":{"start":{"line":12,"column":56},"end":{"line":85,"column":null}}},"1":{"name":"(anonymous_2)","decl":{"start":{"line":63,"column":46},"end":{"line":63,"column":54}},"loc":{"start":{"line":63,"column":54},"end":{"line":63,"column":70}}}},"branchMap":{"0":{"loc":{"start":{"line":18,"column":8},"end":{"line":18,"column":null}},"type":"if","locations":[{"start":{"line":18,"column":8},"end":{"line":18,"column":null}}]},"1":{"loc":{"start":{"line":29,"column":8},"end":{"line":38,"column":null}},"type":"if","locations":[{"start":{"line":29,"column":8},"end":{"line":38,"column":null}}]},"2":{"loc":{"start":{"line":31,"column":12},"end":{"line":33,"column":null}},"type":"if","locations":[{"start":{"line":31,"column":12},"end":{"line":33,"column":null}}]},"3":{"loc":{"start":{"line":39,"column":8},"end":{"line":41,"column":null}},"type":"if","locations":[{"start":{"line":39,"column":8},"end":{"line":41,"column":null}}]},"4":{"loc":{"start":{"line":51,"column":8},"end":{"line":56,"column":null}},"type":"if","locations":[{"start":{"line":51,"column":8},"end":{"line":56,"column":null}}]},"5":{"loc":{"start":{"line":58,"column":8},"end":{"line":60,"column":null}},"type":"if","locations":[{"start":{"line":58,"column":8},"end":{"line":60,"column":null}}]},"6":{"loc":{"start":{"line":58,"column":12},"end":{"line":58,"column":58}},"type":"binary-expr","locations":[{"start":{"line":58,"column":12},"end":{"line":58,"column":30}},{"start":{"line":58,"column":30},"end":{"line":58,"column":58}}]},"7":{"loc":{"start":{"line":74,"column":8},"end":{"line":79,"column":null}},"type":"if","locations":[{"start":{"line":74,"column":8},"end":{"line":79,"column":null}}]}},"s":{"0":0,"1":0,"2":0,"3":0,"4":0,"5":0,"6":0,"7":0,"8":0,"9":0,"10":0,"11":0,"12":0,"13":0,"14":0,"15":0,"16":0,"17":0,"18":0,"19":0,"20":0,"21":0,"22":0,"23":0,"24":0,"25":0,"26":0,"27":0,"28":0,"29":0},"f":{"0":0,"1":0},"b":{"0":[0],"1":[0],"2":[0],"3":[0],"4":[0],"5":[0],"6":[0,0],"7":[0]}},"/workspaces/Audicle/packages/web-app-vercel/app/api/bookmarks/[id]/playlists/route.ts":{"path":"/workspaces/Audicle/packages/web-app-vercel/app/api/bookmarks/[id]/playlists/route.ts","statementMap":{"0":{"start":{"line":7,"column":22},"end":{"line":7,"column":null}},"1":{"start":{"line":1,"column":29},"end":{"line":1,"column":null}},"2":{"start":{"line":2,"column":25},"end":{"line":2,"column":null}},"3":{"start":{"line":3,"column":28},"end":{"line":3,"column":null}},"4":{"start":{"line":4,"column":37},"end":{"line":4,"column":null}},"5":{"start":{"line":11,"column":4},"end":{"line":41,"column":null}},"6":{"start":{"line":12,"column":35},"end":{"line":12,"column":55}},"7":{"start":{"line":13,"column":40},"end":{"line":13,"column":null}},"8":{"start":{"line":14,"column":8},"end":{"line":14,"column":null}},"9":{"start":{"line":14,"column":22},"end":{"line":14,"column":null}},"10":{"start":{"line":18,"column":12},"end":{"line":24,"column":null}},"11":{"start":{"line":26,"column":8},"end":{"line":32,"column":null}},"12":{"start":{"line":27,"column":12},"end":{"line":27,"column":null}},"13":{"start":{"line":28,"column":12},"end":{"line":30,"column":null}},"14":{"start":{"line":35,"column":26},"end":{"line":35,"column":null}},"15":{"start":{"line":35,"column":135},"end":{"line":35,"column":null}},"16":{"start":{"line":37,"column":8},"end":{"line":37,"column":null}},"17":{"start":{"line":39,"column":8},"end":{"line":39,"column":null}},"18":{"start":{"line":40,"column":8},"end":{"line":40,"column":null}}},"fnMap":{"0":{"name":"GET","decl":{"start":{"line":7,"column":22},"end":{"line":7,"column":null}},"loc":{"start":{"line":9,"column":48},"end":{"line":42,"column":null}}},"1":{"name":"(anonymous_2)","decl":{"start":{"line":35,"column":99},"end":{"line":35,"column":100}},"loc":{"start":{"line":35,"column":135},"end":{"line":35,"column":null}}}},"branchMap":{"0":{"loc":{"start":{"line":14,"column":8},"end":{"line":14,"column":null}},"type":"if","locations":[{"start":{"line":14,"column":8},"end":{"line":14,"column":null}}]},"1":{"loc":{"start":{"line":26,"column":8},"end":{"line":32,"column":null}},"type":"if","locations":[{"start":{"line":26,"column":8},"end":{"line":32,"column":null}}]}},"s":{"0":0,"1":0,"2":0,"3":0,"4":0,"5":0,"6":0,"7":0,"8":0,"9":0,"10":0,"11":0,"12":0,"13":0,"14":0,"15":0,"16":0,"17":0,"18":0},"f":{"0":0,"1":0},"b":{"0":[0],"1":[0]}},"/workspaces/Audicle/packages/web-app-vercel/app/api/playlists/[id]/set-default/route.ts":{"path":"/workspaces/Audicle/packages/web-app-vercel/app/api/playlists/[id]/set-default/route.ts","statementMap":{"0":{"start":{"line":6,"column":22},"end":{"line":6,"column":null}},"1":{"start":{"line":1,"column":29},"end":{"line":1,"column":null}},"2":{"start":{"line":2,"column":25},"end":{"line":2,"column":null}},"3":{"start":{"line":3,"column":28},"end":{"line":3,"column":null}},"4":{"start":{"line":10,"column":4},"end":{"line":70,"column":null}},"5":{"start":{"line":11,"column":40},"end":{"line":11,"column":null}},"6":{"start":{"line":12,"column":8},"end":{"line":12,"column":null}},"7":{"start":{"line":12,"column":22},"end":{"line":12,"column":null}},"8":{"start":{"line":13,"column":23},"end":{"line":13,"column":null}},"9":{"start":{"line":15,"column":8},"end":{"line":20,"column":null}},"10":{"start":{"line":16,"column":12},"end":{"line":18,"column":null}},"11":{"start":{"line":23,"column":60},"end":{"line":28,"column":null}},"12":{"start":{"line":30,"column":8},"end":{"line":35,"column":null}},"13":{"start":{"line":31,"column":12},"end":{"line":33,"column":null}},"14":{"start":{"line":38,"column":8},"end":{"line":43,"column":null}},"15":{"start":{"line":39,"column":12},"end":{"line":42,"column":null}},"16":{"start":{"line":46,"column":32},"end":{"line":49,"column":null}},"17":{"start":{"line":51,"column":8},"end":{"line":57,"column":null}},"18":{"start":{"line":52,"column":12},"end":{"line":52,"column":null}},"19":{"start":{"line":53,"column":12},"end":{"line":55,"column":null}},"20":{"start":{"line":59,"column":8},"end":{"line":63,"column":null}},"21":{"start":{"line":65,"column":8},"end":{"line":65,"column":null}},"22":{"start":{"line":66,"column":8},"end":{"line":68,"column":null}}},"fnMap":{"0":{"name":"PUT","decl":{"start":{"line":6,"column":22},"end":{"line":6,"column":null}},"loc":{"start":{"line":8,"column":51},"end":{"line":71,"column":null}}}},"branchMap":{"0":{"loc":{"start":{"line":12,"column":8},"end":{"line":12,"column":null}},"type":"if","locations":[{"start":{"line":12,"column":8},"end":{"line":12,"column":null}}]},"1":{"loc":{"start":{"line":15,"column":8},"end":{"line":20,"column":null}},"type":"if","locations":[{"start":{"line":15,"column":8},"end":{"line":20,"column":null}}]},"2":{"loc":{"start":{"line":30,"column":8},"end":{"line":35,"column":null}},"type":"if","locations":[{"start":{"line":30,"column":8},"end":{"line":35,"column":null}}]},"3":{"loc":{"start":{"line":30,"column":12},"end":{"line":30,"column":43}},"type":"binary-expr","locations":[{"start":{"line":30,"column":12},"end":{"line":30,"column":26}},{"start":{"line":30,"column":26},"end":{"line":30,"column":43}}]},"4":{"loc":{"start":{"line":38,"column":8},"end":{"line":43,"column":null}},"type":"if","locations":[{"start":{"line":38,"column":8},"end":{"line":43,"column":null}}]},"5":{"loc":{"start":{"line":51,"column":8},"end":{"line":57,"column":null}},"type":"if","locations":[{"start":{"line":51,"column":8},"end":{"line":57,"column":null}}]}},"s":{"0":0,"1":0,"2":0,"3":0,"4":0,"5":0,"6":0,"7":0,"8":0,"9":0,"10":0,"11":0,"12":0,"13":0,"14":0,"15":0,"16":0,"17":0,"18":0,"19":0,"20":0,"21":0,"22":0},"f":{"0":0},"b":{"0":[0],"1":[0],"2":[0],"3":[0,0],"4":[0],"5":[0]}},"/workspaces/Audicle/packages/web-app-vercel/app/api/playlist-items/[itemId]/playlists/route.ts":{"path":"/workspaces/Audicle/packages/web-app-vercel/app/api/playlist-items/[itemId]/playlists/route.ts","statementMap":{"0":{"start":{"line":7,"column":22},"end":{"line":7,"column":null}},"1":{"start":{"line":1,"column":29},"end":{"line":1,"column":null}},"2":{"start":{"line":2,"column":25},"end":{"line":2,"column":null}},"3":{"start":{"line":3,"column":28},"end":{"line":3,"column":null}},"4":{"start":{"line":4,"column":37},"end":{"line":4,"column":null}},"5":{"start":{"line":11,"column":4},"end":{"line":67,"column":null}},"6":{"start":{"line":12,"column":27},"end":{"line":12,"column":47}},"7":{"start":{"line":13,"column":40},"end":{"line":13,"column":null}},"8":{"start":{"line":14,"column":8},"end":{"line":14,"column":null}},"9":{"start":{"line":14,"column":22},"end":{"line":14,"column":null}},"10":{"start":{"line":17,"column":53},"end":{"line":21,"column":null}},"11":{"start":{"line":23,"column":8},"end":{"line":25,"column":null}},"12":{"start":{"line":24,"column":12},"end":{"line":24,"column":null}},"13":{"start":{"line":28,"column":61},"end":{"line":32,"column":null}},"14":{"start":{"line":34,"column":8},"end":{"line":36,"column":null}},"15":{"start":{"line":35,"column":12},"end":{"line":35,"column":null}},"16":{"start":{"line":38,"column":31},"end":{"line":38,"column":null}},"17":{"start":{"line":42,"column":12},"end":{"line":48,"column":null}},"18":{"start":{"line":50,"column":8},"end":{"line":55,"column":null}},"19":{"start":{"line":51,"column":12},"end":{"line":53,"column":null}},"20":{"start":{"line":58,"column":26},"end":{"line":58,"column":null}},"21":{"start":{"line":58,"column":135},"end":{"line":58,"column":null}},"22":{"start":{"line":60,"column":8},"end":{"line":60,"column":null}},"23":{"start":{"line":62,"column":8},"end":{"line":62,"column":null}},"24":{"start":{"line":63,"column":8},"end":{"line":65,"column":null}}},"fnMap":{"0":{"name":"GET","decl":{"start":{"line":7,"column":22},"end":{"line":7,"column":null}},"loc":{"start":{"line":9,"column":52},"end":{"line":68,"column":null}}},"1":{"name":"(anonymous_2)","decl":{"start":{"line":58,"column":99},"end":{"line":58,"column":100}},"loc":{"start":{"line":58,"column":135},"end":{"line":58,"column":null}}}},"branchMap":{"0":{"loc":{"start":{"line":14,"column":8},"end":{"line":14,"column":null}},"type":"if","locations":[{"start":{"line":14,"column":8},"end":{"line":14,"column":null}}]},"1":{"loc":{"start":{"line":23,"column":8},"end":{"line":25,"column":null}},"type":"if","locations":[{"start":{"line":23,"column":8},"end":{"line":25,"column":null}}]},"2":{"loc":{"start":{"line":23,"column":12},"end":{"line":23,"column":36}},"type":"binary-expr","locations":[{"start":{"line":23,"column":12},"end":{"line":23,"column":25}},{"start":{"line":23,"column":25},"end":{"line":23,"column":36}}]},"3":{"loc":{"start":{"line":34,"column":8},"end":{"line":36,"column":null}},"type":"if","locations":[{"start":{"line":34,"column":8},"end":{"line":36,"column":null}}]},"4":{"loc":{"start":{"line":34,"column":12},"end":{"line":34,"column":86}},"type":"binary-expr","locations":[{"start":{"line":34,"column":12},"end":{"line":34,"column":29}},{"start":{"line":34,"column":29},"end":{"line":34,"column":46}},{"start":{"line":34,"column":46},"end":{"line":34,"column":86}}]},"5":{"loc":{"start":{"line":50,"column":8},"end":{"line":55,"column":null}},"type":"if","locations":[{"start":{"line":50,"column":8},"end":{"line":55,"column":null}}]},"6":{"loc":{"start":{"line":52,"column":25},"end":{"line":52,"column":79}},"type":"binary-expr","locations":[{"start":{"line":52,"column":25},"end":{"line":52,"column":47}},{"start":{"line":52,"column":51},"end":{"line":52,"column":79}}]},"7":{"loc":{"start":{"line":64,"column":21},"end":{"line":64,"column":86}},"type":"cond-expr","locations":[{"start":{"line":64,"column":46},"end":{"line":64,"column":59}},{"start":{"line":64,"column":62},"end":{"line":64,"column":86}}]}},"s":{"0":0,"1":0,"2":0,"3":0,"4":0,"5":0,"6":0,"7":0,"8":0,"9":0,"10":0,"11":0,"12":0,"13":0,"14":0,"15":0,"16":0,"17":0,"18":0,"19":0,"20":0,"21":0,"22":0,"23":0,"24":0},"f":{"0":0,"1":0},"b":{"0":[0],"1":[0],"2":[0,0],"3":[0],"4":[0,0,0],"5":[0],"6":[0,0],"7":[0,0]}},"/workspaces/Audicle/packages/web-app-vercel/app/api/playlists/[id]/items/[itemId]/route.ts":{"path":"/workspaces/Audicle/packages/web-app-vercel/app/api/playlists/[id]/items/[itemId]/route.ts","statementMap":{"0":{"start":{"line":6,"column":22},"end":{"line":6,"column":null}},"1":{"start":{"line":1,"column":29},"end":{"line":1,"column":null}},"2":{"start":{"line":2,"column":25},"end":{"line":2,"column":null}},"3":{"start":{"line":3,"column":28},"end":{"line":3,"column":null}},"4":{"start":{"line":10,"column":4},"end":{"line":103,"column":null}},"5":{"start":{"line":11,"column":40},"end":{"line":11,"column":null}},"6":{"start":{"line":12,"column":8},"end":{"line":12,"column":null}},"7":{"start":{"line":12,"column":22},"end":{"line":12,"column":null}},"8":{"start":{"line":14,"column":43},"end":{"line":14,"column":null}},"9":{"start":{"line":17,"column":57},"end":{"line":21,"column":null}},"10":{"start":{"line":23,"column":8},"end":{"line":29,"column":null}},"11":{"start":{"line":24,"column":12},"end":{"line":24,"column":null}},"12":{"start":{"line":25,"column":12},"end":{"line":27,"column":null}},"13":{"start":{"line":31,"column":8},"end":{"line":36,"column":null}},"14":{"start":{"line":32,"column":12},"end":{"line":34,"column":null}},"15":{"start":{"line":39,"column":58},"end":{"line":44,"column":null}},"16":{"start":{"line":46,"column":8},"end":{"line":52,"column":null}},"17":{"start":{"line":47,"column":12},"end":{"line":47,"column":null}},"18":{"start":{"line":48,"column":12},"end":{"line":50,"column":null}},"19":{"start":{"line":55,"column":39},"end":{"line":60,"column":null}},"20":{"start":{"line":62,"column":8},"end":{"line":75,"column":null}},"21":{"start":{"line":64,"column":12},"end":{"line":69,"column":null}},"22":{"start":{"line":65,"column":16},"end":{"line":67,"column":null}},"23":{"start":{"line":70,"column":12},"end":{"line":70,"column":null}},"24":{"start":{"line":71,"column":12},"end":{"line":73,"column":null}},"25":{"start":{"line":78,"column":45},"end":{"line":81,"column":null}},"26":{"start":{"line":84,"column":8},"end":{"line":94,"column":null}},"27":{"start":{"line":85,"column":50},"end":{"line":88,"column":null}},"28":{"start":{"line":90,"column":12},"end":{"line":93,"column":null}},"29":{"start":{"line":91,"column":16},"end":{"line":91,"column":null}},"30":{"start":{"line":96,"column":8},"end":{"line":96,"column":null}},"31":{"start":{"line":98,"column":8},"end":{"line":98,"column":null}},"32":{"start":{"line":99,"column":8},"end":{"line":101,"column":null}}},"fnMap":{"0":{"name":"DELETE","decl":{"start":{"line":6,"column":22},"end":{"line":6,"column":null}},"loc":{"start":{"line":8,"column":67},"end":{"line":104,"column":null}}}},"branchMap":{"0":{"loc":{"start":{"line":12,"column":8},"end":{"line":12,"column":null}},"type":"if","locations":[{"start":{"line":12,"column":8},"end":{"line":12,"column":null}}]},"1":{"loc":{"start":{"line":23,"column":8},"end":{"line":29,"column":null}},"type":"if","locations":[{"start":{"line":23,"column":8},"end":{"line":29,"column":null}}]},"2":{"loc":{"start":{"line":23,"column":12},"end":{"line":23,"column":40}},"type":"binary-expr","locations":[{"start":{"line":23,"column":12},"end":{"line":23,"column":29}},{"start":{"line":23,"column":29},"end":{"line":23,"column":40}}]},"3":{"loc":{"start":{"line":26,"column":25},"end":{"line":26,"column":71}},"type":"binary-expr","locations":[{"start":{"line":26,"column":25},"end":{"line":26,"column":46}},{"start":{"line":26,"column":50},"end":{"line":26,"column":71}}]},"4":{"loc":{"start":{"line":31,"column":8},"end":{"line":36,"column":null}},"type":"if","locations":[{"start":{"line":31,"column":8},"end":{"line":36,"column":null}}]},"5":{"loc":{"start":{"line":46,"column":8},"end":{"line":52,"column":null}},"type":"if","locations":[{"start":{"line":46,"column":8},"end":{"line":52,"column":null}}]},"6":{"loc":{"start":{"line":46,"column":12},"end":{"line":46,"column":41}},"type":"binary-expr","locations":[{"start":{"line":46,"column":12},"end":{"line":46,"column":26}},{"start":{"line":46,"column":26},"end":{"line":46,"column":41}}]},"7":{"loc":{"start":{"line":49,"column":25},"end":{"line":49,"column":65}},"type":"binary-expr","locations":[{"start":{"line":49,"column":25},"end":{"line":49,"column":48}},{"start":{"line":49,"column":48},"end":{"line":49,"column":65}}]},"8":{"loc":{"start":{"line":62,"column":8},"end":{"line":75,"column":null}},"type":"if","locations":[{"start":{"line":62,"column":8},"end":{"line":75,"column":null}}]},"9":{"loc":{"start":{"line":64,"column":12},"end":{"line":69,"column":null}},"type":"if","locations":[{"start":{"line":64,"column":12},"end":{"line":69,"column":null}}]},"10":{"loc":{"start":{"line":72,"column":25},"end":{"line":72,"column":72}},"type":"binary-expr","locations":[{"start":{"line":72,"column":25},"end":{"line":72,"column":44}},{"start":{"line":72,"column":48},"end":{"line":72,"column":72}}]},"11":{"loc":{"start":{"line":84,"column":8},"end":{"line":94,"column":null}},"type":"if","locations":[{"start":{"line":84,"column":8},"end":{"line":94,"column":null}}]},"12":{"loc":{"start":{"line":84,"column":12},"end":{"line":84,"column":40}},"type":"binary-expr","locations":[{"start":{"line":84,"column":12},"end":{"line":84,"column":27}},{"start":{"line":84,"column":27},"end":{"line":84,"column":40}}]},"13":{"loc":{"start":{"line":90,"column":12},"end":{"line":93,"column":null}},"type":"if","locations":[{"start":{"line":90,"column":12},"end":{"line":93,"column":null}}]},"14":{"loc":{"start":{"line":100,"column":21},"end":{"line":100,"column":86}},"type":"cond-expr","locations":[{"start":{"line":100,"column":46},"end":{"line":100,"column":59}},{"start":{"line":100,"column":62},"end":{"line":100,"column":86}}]}},"s":{"0":0,"1":0,"2":0,"3":0,"4":0,"5":0,"6":0,"7":0,"8":0,"9":0,"10":0,"11":0,"12":0,"13":0,"14":0,"15":0,"16":0,"17":0,"18":0,"19":0,"20":0,"21":0,"22":0,"23":0,"24":0,"25":0,"26":0,"27":0,"28":0,"29":0,"30":0,"31":0,"32":0},"f":{"0":0},"b":{"0":[0],"1":[0],"2":[0,0],"3":[0,0],"4":[0],"5":[0],"6":[0,0],"7":[0,0],"8":[0],"9":[0],"10":[0,0],"11":[0],"12":[0,0],"13":[0],"14":[0,0]}}}}
